2021-07-16 11:24:54,046 DEBUG SpringJUnit4ClassRunner:139 - SpringJUnit4ClassRunner constructor called with [class com.shine.HeroDaoTest]
2021-07-16 11:24:54,054 DEBUG BootstrapUtils:96 - Instantiating CacheAwareContextLoaderDelegate from class [org.springframework.test.context.cache.DefaultCacheAwareContextLoaderDelegate]
2021-07-16 11:24:54,062 DEBUG BootstrapUtils:79 - Instantiating BootstrapContext using constructor [public org.springframework.test.context.support.DefaultBootstrapContext(java.lang.Class,org.springframework.test.context.CacheAwareContextLoaderDelegate)]
2021-07-16 11:24:54,075 DEBUG BootstrapUtils:132 - Instantiating TestContextBootstrapper for test class [com.shine.HeroDaoTest] from class [org.springframework.test.context.support.DefaultTestContextBootstrapper]
2021-07-16 11:24:54,127 DEBUG AbstractDelegatingSmartContextLoader:263 - Delegating to GenericXmlContextLoader to process context configuration [ContextConfigurationAttributes@62ee68d8 declaringClass = 'com.shine.HeroDaoTest', classes = '{}', locations = '{classpath:applicationContext.xml}', inheritLocations = true, initializers = '{}', inheritInitializers = true, name = [null], contextLoaderClass = 'org.springframework.test.context.ContextLoader'].
2021-07-16 11:24:54,156 DEBUG ActiveProfilesUtils:79 - Could not find an 'annotation declaring class' for annotation type [org.springframework.test.context.ActiveProfiles] and class [com.shine.HeroDaoTest]
2021-07-16 11:24:54,157 DEBUG DefaultTestContextBootstrapper:125 - @TestExecutionListeners is not present for class [com.shine.HeroDaoTest]: using defaults.
2021-07-16 11:24:54,158  INFO DefaultTestContextBootstrapper:248 - Loaded default TestExecutionListener class names from location [META-INF/spring.factories]: [org.springframework.test.context.web.ServletTestExecutionListener, org.springframework.test.context.support.DirtiesContextBeforeModesTestExecutionListener, org.springframework.test.context.support.DependencyInjectionTestExecutionListener, org.springframework.test.context.support.DirtiesContextTestExecutionListener, org.springframework.test.context.transaction.TransactionalTestExecutionListener, org.springframework.test.context.jdbc.SqlScriptsTestExecutionListener]
2021-07-16 11:24:54,204  INFO DefaultTestContextBootstrapper:177 - Using TestExecutionListeners: [org.springframework.test.context.web.ServletTestExecutionListener@49993335, org.springframework.test.context.support.DirtiesContextBeforeModesTestExecutionListener@20322d26, org.springframework.test.context.support.DependencyInjectionTestExecutionListener@192b07fd, org.springframework.test.context.support.DirtiesContextTestExecutionListener@64bfbc86, org.springframework.test.context.transaction.TransactionalTestExecutionListener@64bf3bbf, org.springframework.test.context.jdbc.SqlScriptsTestExecutionListener@55d56113]
2021-07-16 11:24:54,207 DEBUG ProfileValueUtils:70 - Retrieved @ProfileValueSourceConfiguration [null] for test class [com.shine.HeroDaoTest]
2021-07-16 11:24:54,208 DEBUG ProfileValueUtils:83 - Retrieved ProfileValueSource type [class org.springframework.test.annotation.SystemProfileValueSource] for class [com.shine.HeroDaoTest]
2021-07-16 11:24:54,220 DEBUG ProfileValueUtils:70 - Retrieved @ProfileValueSourceConfiguration [null] for test class [com.shine.HeroDaoTest]
2021-07-16 11:24:54,221 DEBUG ProfileValueUtils:83 - Retrieved ProfileValueSource type [class org.springframework.test.annotation.SystemProfileValueSource] for class [com.shine.HeroDaoTest]
2021-07-16 11:24:54,222 DEBUG ProfileValueUtils:70 - Retrieved @ProfileValueSourceConfiguration [null] for test class [com.shine.HeroDaoTest]
2021-07-16 11:24:54,222 DEBUG ProfileValueUtils:83 - Retrieved ProfileValueSource type [class org.springframework.test.annotation.SystemProfileValueSource] for class [com.shine.HeroDaoTest]
2021-07-16 11:24:54,223 DEBUG ProfileValueUtils:70 - Retrieved @ProfileValueSourceConfiguration [null] for test class [com.shine.HeroDaoTest]
2021-07-16 11:24:54,225 DEBUG ProfileValueUtils:83 - Retrieved ProfileValueSource type [class org.springframework.test.annotation.SystemProfileValueSource] for class [com.shine.HeroDaoTest]
2021-07-16 11:24:54,228 DEBUG AbstractDirtiesContextTestExecutionListener:142 - Before test class: context [DefaultTestContext@57536d79 testClass = HeroDaoTest, testInstance = [null], testMethod = [null], testException = [null], mergedContextConfiguration = [MergedContextConfiguration@3b0143d3 testClass = HeroDaoTest, locations = '{classpath:applicationContext.xml}', classes = '{}', contextInitializerClasses = '[]', activeProfiles = '{}', propertySourceLocations = '{}', propertySourceProperties = '{}', contextCustomizers = set[[empty]], contextLoader = 'org.springframework.test.context.support.DelegatingSmartContextLoader', parent = [null]], attributes = map[[empty]]], class annotated with @DirtiesContext [false] with mode [null].
2021-07-16 11:24:54,229 DEBUG ProfileValueUtils:70 - Retrieved @ProfileValueSourceConfiguration [null] for test class [com.shine.HeroDaoTest]
2021-07-16 11:24:54,229 DEBUG ProfileValueUtils:83 - Retrieved ProfileValueSource type [class org.springframework.test.annotation.SystemProfileValueSource] for class [com.shine.HeroDaoTest]
2021-07-16 11:24:54,232 DEBUG DependencyInjectionTestExecutionListener:81 - Performing dependency injection for test context [[DefaultTestContext@57536d79 testClass = HeroDaoTest, testInstance = com.shine.HeroDaoTest@2b9627bc, testMethod = [null], testException = [null], mergedContextConfiguration = [MergedContextConfiguration@3b0143d3 testClass = HeroDaoTest, locations = '{classpath:applicationContext.xml}', classes = '{}', contextInitializerClasses = '[]', activeProfiles = '{}', propertySourceLocations = '{}', propertySourceProperties = '{}', contextCustomizers = set[[empty]], contextLoader = 'org.springframework.test.context.support.DelegatingSmartContextLoader', parent = [null]], attributes = map[[empty]]]].
2021-07-16 11:24:54,233 DEBUG AbstractDelegatingSmartContextLoader:273 - Delegating to GenericXmlContextLoader to load context from [MergedContextConfiguration@3b0143d3 testClass = HeroDaoTest, locations = '{classpath:applicationContext.xml}', classes = '{}', contextInitializerClasses = '[]', activeProfiles = '{}', propertySourceLocations = '{}', propertySourceProperties = '{}', contextCustomizers = set[[empty]], contextLoader = 'org.springframework.test.context.support.DelegatingSmartContextLoader', parent = [null]].
2021-07-16 11:24:54,234 DEBUG AbstractGenericContextLoader:109 - Loading ApplicationContext for merged context configuration [[MergedContextConfiguration@3b0143d3 testClass = HeroDaoTest, locations = '{classpath:applicationContext.xml}', classes = '{}', contextInitializerClasses = '[]', activeProfiles = '{}', propertySourceLocations = '{}', propertySourceProperties = '{}', contextCustomizers = set[[empty]], contextLoader = 'org.springframework.test.context.support.DelegatingSmartContextLoader', parent = [null]]].
2021-07-16 11:24:54,341 DEBUG StandardEnvironment:252 - Activating profiles []
2021-07-16 11:24:54,710 DEBUG ClassPathBeanDefinitionScanner:437 - Identified candidate component class: file [D:\work\code\Java2103\SSM\target\classes\com\shine\entity\Hero.class]
2021-07-16 11:24:54,756 DEBUG XmlBeanDefinitionReader:395 - Loaded 16 bean definitions from class path resource [applicationContext.xml]
2021-07-16 11:24:54,757 DEBUG GenericApplicationContext:594 - Refreshing org.springframework.context.support.GenericApplicationContext@614ddd49
2021-07-16 11:24:54,835 DEBUG DefaultListableBeanFactory:213 - Creating shared instance of singleton bean 'org.springframework.context.annotation.internalConfigurationAnnotationProcessor'
2021-07-16 11:24:54,909 DEBUG DefaultListableBeanFactory:213 - Creating shared instance of singleton bean 'org.mybatis.spring.mapper.MapperScannerConfigurer#0'
2021-07-16 11:24:54,956 DEBUG ClassPathMapperScanner:437 - Identified candidate component class: file [D:\work\code\Java2103\SSM\target\classes\com\shine\dao\HeroDao.class]
2021-07-16 11:24:54,956 DEBUG ClassPathMapperScanner:180 - Creating MapperFactoryBean with name 'heroDao' and 'com.shine.dao.HeroDao' mapperInterface
2021-07-16 11:24:54,959 DEBUG ClassPathMapperScanner:216 - Enabling autowire by type for MapperFactoryBean with name 'heroDao'.
2021-07-16 11:24:54,963 DEBUG DefaultListableBeanFactory:213 - Creating shared instance of singleton bean 'org.springframework.context.support.PropertySourcesPlaceholderConfigurer#0'
2021-07-16 11:24:55,017 DEBUG PropertySourcesPropertyResolver:115 - Found key 'jdbc.driver' in PropertySource 'localProperties' with value of type String
2021-07-16 11:24:55,018 DEBUG PropertySourcesPropertyResolver:115 - Found key 'jdbc.url' in PropertySource 'localProperties' with value of type String
2021-07-16 11:24:55,018 DEBUG PropertySourcesPropertyResolver:115 - Found key 'jdbc.username' in PropertySource 'localProperties' with value of type String
2021-07-16 11:24:55,019 DEBUG PropertySourcesPropertyResolver:115 - Found key 'jdbc.password' in PropertySource 'localProperties' with value of type String
2021-07-16 11:24:55,020 DEBUG DefaultListableBeanFactory:213 - Creating shared instance of singleton bean 'org.springframework.context.event.internalEventListenerProcessor'
2021-07-16 11:24:55,023 DEBUG DefaultListableBeanFactory:213 - Creating shared instance of singleton bean 'org.springframework.context.event.internalEventListenerFactory'
2021-07-16 11:24:55,023 DEBUG DefaultListableBeanFactory:213 - Creating shared instance of singleton bean 'org.springframework.transaction.config.internalTransactionalEventListenerFactory'
2021-07-16 11:24:55,026 DEBUG DefaultListableBeanFactory:213 - Creating shared instance of singleton bean 'org.springframework.context.annotation.internalAutowiredAnnotationProcessor'
2021-07-16 11:24:55,028 DEBUG DefaultListableBeanFactory:213 - Creating shared instance of singleton bean 'org.springframework.context.annotation.internalCommonAnnotationProcessor'
2021-07-16 11:24:55,034 DEBUG DefaultListableBeanFactory:213 - Creating shared instance of singleton bean 'org.springframework.aop.config.internalAutoProxyCreator'
2021-07-16 11:24:55,117 DEBUG DefaultListableBeanFactory:213 - Creating shared instance of singleton bean 'hero'
2021-07-16 11:24:55,119 DEBUG DefaultListableBeanFactory:213 - Creating shared instance of singleton bean 'org.springframework.transaction.config.internalTransactionAdvisor'
2021-07-16 11:24:55,122 DEBUG DefaultListableBeanFactory:213 - Creating shared instance of singleton bean 'org.springframework.transaction.annotation.AnnotationTransactionAttributeSource#0'
2021-07-16 11:24:55,138 DEBUG DefaultListableBeanFactory:213 - Creating shared instance of singleton bean 'dataSource'
2021-07-16 11:24:55,296 DEBUG DefaultListableBeanFactory:213 - Creating shared instance of singleton bean 'sqlSessionFactory'
2021-07-16 11:24:55,318 DEBUG LogFactory:105 - Logging initialized using 'class org.apache.ibatis.logging.slf4j.Slf4jImpl' adapter.
2021-07-16 11:24:55,438 DEBUG SqlSessionFactoryBean:410 - Property 'configuration' or 'configLocation' not specified, using default MyBatis Configuration
2021-07-16 11:24:55,501 DEBUG SqlSessionFactoryBean:455 - Registered plugin: 'com.github.pagehelper.PageInterceptor@41a0aa7d'
2021-07-16 11:24:55,503 DEBUG SqlSessionFactoryBean:534 - Property 'mapperLocations' was not specified or no matching resources found
2021-07-16 11:24:55,510 DEBUG DefaultListableBeanFactory:213 - Creating shared instance of singleton bean 'tx'
2021-07-16 11:24:55,521 DEBUG DefaultListableBeanFactory:213 - Creating shared instance of singleton bean 'org.springframework.transaction.interceptor.TransactionInterceptor#0'
2021-07-16 11:24:55,529 DEBUG DefaultListableBeanFactory:213 - Creating shared instance of singleton bean 'heroDao'
2021-07-16 11:24:55,665 DEBUG DefaultCacheAwareContextLoaderDelegate:119 - Storing ApplicationContext in cache under key [[MergedContextConfiguration@3b0143d3 testClass = HeroDaoTest, locations = '{classpath:applicationContext.xml}', classes = '{}', contextInitializerClasses = '[]', activeProfiles = '{}', propertySourceLocations = '{}', propertySourceProperties = '{}', contextCustomizers = set[[empty]], contextLoader = 'org.springframework.test.context.support.DelegatingSmartContextLoader', parent = [null]]]
2021-07-16 11:24:55,665 DEBUG cache:290 - Spring test ApplicationContext cache statistics: [DefaultContextCache@3e0e1046 size = 1, maxSize = 32, parentContextCount = 0, hitCount = 0, missCount = 1]
2021-07-16 11:24:55,676 DEBUG AbstractDirtiesContextTestExecutionListener:107 - Before test method: context [DefaultTestContext@57536d79 testClass = HeroDaoTest, testInstance = com.shine.HeroDaoTest@2b9627bc, testMethod = getHero01@HeroDaoTest, testException = [null], mergedContextConfiguration = [MergedContextConfiguration@3b0143d3 testClass = HeroDaoTest, locations = '{classpath:applicationContext.xml}', classes = '{}', contextInitializerClasses = '[]', activeProfiles = '{}', propertySourceLocations = '{}', propertySourceProperties = '{}', contextCustomizers = set[[empty]], contextLoader = 'org.springframework.test.context.support.DelegatingSmartContextLoader', parent = [null]], attributes = map[[empty]]], class annotated with @DirtiesContext [false] with mode [null], method annotated with @DirtiesContext [false] with mode [null].
2021-07-16 11:24:55,695 DEBUG SqlSessionUtils:97 - Creating a new SqlSession
2021-07-16 11:24:55,703 DEBUG SqlSessionUtils:148 - SqlSession [org.apache.ibatis.session.defaults.DefaultSqlSession@5852c06f] was not registered for synchronization because synchronization is not active
2021-07-16 11:24:55,713 DEBUG DataSourceUtils:114 - Fetching JDBC Connection from DataSource
2021-07-16 11:24:55,886  INFO DruidDataSource:930 - {dataSource-1} inited
2021-07-16 11:24:56,112 DEBUG SpringManagedTransaction:87 - JDBC Connection [com.mysql.jdbc.JDBC4Connection@658c5a19] will not be managed by Spring
2021-07-16 11:24:56,119 DEBUG selectHeroById:143 - ==>  Preparing: select * from hero where id=? 
2021-07-16 11:24:56,140 DEBUG selectHeroById:143 - ==> Parameters: 2(Integer)
2021-07-16 11:24:56,152 DEBUG selectHeroById:143 - <==      Total: 1
2021-07-16 11:24:56,152 DEBUG SqlSessionUtils:191 - Closing non transactional SqlSession [org.apache.ibatis.session.defaults.DefaultSqlSession@5852c06f]
2021-07-16 11:24:56,154 DEBUG AbstractDirtiesContextTestExecutionListener:107 - After test method: context [DefaultTestContext@57536d79 testClass = HeroDaoTest, testInstance = com.shine.HeroDaoTest@2b9627bc, testMethod = getHero01@HeroDaoTest, testException = [null], mergedContextConfiguration = [MergedContextConfiguration@3b0143d3 testClass = HeroDaoTest, locations = '{classpath:applicationContext.xml}', classes = '{}', contextInitializerClasses = '[]', activeProfiles = '{}', propertySourceLocations = '{}', propertySourceProperties = '{}', contextCustomizers = set[[empty]], contextLoader = 'org.springframework.test.context.support.DelegatingSmartContextLoader', parent = [null]], attributes = map[[empty]]], class annotated with @DirtiesContext [false] with mode [null], method annotated with @DirtiesContext [false] with mode [null].
2021-07-16 11:24:56,155 DEBUG AbstractDirtiesContextTestExecutionListener:142 - After test class: context [DefaultTestContext@57536d79 testClass = HeroDaoTest, testInstance = [null], testMethod = [null], testException = [null], mergedContextConfiguration = [MergedContextConfiguration@3b0143d3 testClass = HeroDaoTest, locations = '{classpath:applicationContext.xml}', classes = '{}', contextInitializerClasses = '[]', activeProfiles = '{}', propertySourceLocations = '{}', propertySourceProperties = '{}', contextCustomizers = set[[empty]], contextLoader = 'org.springframework.test.context.support.DelegatingSmartContextLoader', parent = [null]], attributes = map[[empty]]], class annotated with @DirtiesContext [false] with mode [null].
2021-07-16 11:24:56,156 DEBUG GenericApplicationContext:1002 - Closing org.springframework.context.support.GenericApplicationContext@614ddd49, started on Fri Jul 16 11:24:54 CST 2021
2021-07-16 11:24:56,159  INFO DruidDataSource:1825 - {dataSource-1} closed
2021-07-16 11:25:56,420 DEBUG SpringJUnit4ClassRunner:139 - SpringJUnit4ClassRunner constructor called with [class com.shine.HeroDaoTest]
2021-07-16 11:25:56,427 DEBUG BootstrapUtils:96 - Instantiating CacheAwareContextLoaderDelegate from class [org.springframework.test.context.cache.DefaultCacheAwareContextLoaderDelegate]
2021-07-16 11:25:56,433 DEBUG BootstrapUtils:79 - Instantiating BootstrapContext using constructor [public org.springframework.test.context.support.DefaultBootstrapContext(java.lang.Class,org.springframework.test.context.CacheAwareContextLoaderDelegate)]
2021-07-16 11:25:56,444 DEBUG BootstrapUtils:132 - Instantiating TestContextBootstrapper for test class [com.shine.HeroDaoTest] from class [org.springframework.test.context.support.DefaultTestContextBootstrapper]
2021-07-16 11:25:56,468 DEBUG AbstractDelegatingSmartContextLoader:263 - Delegating to GenericXmlContextLoader to process context configuration [ContextConfigurationAttributes@62ee68d8 declaringClass = 'com.shine.HeroDaoTest', classes = '{}', locations = '{classpath:applicationContext.xml}', inheritLocations = true, initializers = '{}', inheritInitializers = true, name = [null], contextLoaderClass = 'org.springframework.test.context.ContextLoader'].
2021-07-16 11:25:56,496 DEBUG ActiveProfilesUtils:79 - Could not find an 'annotation declaring class' for annotation type [org.springframework.test.context.ActiveProfiles] and class [com.shine.HeroDaoTest]
2021-07-16 11:25:56,496 DEBUG DefaultTestContextBootstrapper:125 - @TestExecutionListeners is not present for class [com.shine.HeroDaoTest]: using defaults.
2021-07-16 11:25:56,497  INFO DefaultTestContextBootstrapper:248 - Loaded default TestExecutionListener class names from location [META-INF/spring.factories]: [org.springframework.test.context.web.ServletTestExecutionListener, org.springframework.test.context.support.DirtiesContextBeforeModesTestExecutionListener, org.springframework.test.context.support.DependencyInjectionTestExecutionListener, org.springframework.test.context.support.DirtiesContextTestExecutionListener, org.springframework.test.context.transaction.TransactionalTestExecutionListener, org.springframework.test.context.jdbc.SqlScriptsTestExecutionListener]
2021-07-16 11:25:56,511  INFO DefaultTestContextBootstrapper:177 - Using TestExecutionListeners: [org.springframework.test.context.web.ServletTestExecutionListener@49993335, org.springframework.test.context.support.DirtiesContextBeforeModesTestExecutionListener@20322d26, org.springframework.test.context.support.DependencyInjectionTestExecutionListener@192b07fd, org.springframework.test.context.support.DirtiesContextTestExecutionListener@64bfbc86, org.springframework.test.context.transaction.TransactionalTestExecutionListener@64bf3bbf, org.springframework.test.context.jdbc.SqlScriptsTestExecutionListener@55d56113]
2021-07-16 11:25:56,512 DEBUG ProfileValueUtils:70 - Retrieved @ProfileValueSourceConfiguration [null] for test class [com.shine.HeroDaoTest]
2021-07-16 11:25:56,513 DEBUG ProfileValueUtils:83 - Retrieved ProfileValueSource type [class org.springframework.test.annotation.SystemProfileValueSource] for class [com.shine.HeroDaoTest]
2021-07-16 11:25:56,521 DEBUG ProfileValueUtils:70 - Retrieved @ProfileValueSourceConfiguration [null] for test class [com.shine.HeroDaoTest]
2021-07-16 11:25:56,521 DEBUG ProfileValueUtils:83 - Retrieved ProfileValueSource type [class org.springframework.test.annotation.SystemProfileValueSource] for class [com.shine.HeroDaoTest]
2021-07-16 11:25:56,522 DEBUG ProfileValueUtils:70 - Retrieved @ProfileValueSourceConfiguration [null] for test class [com.shine.HeroDaoTest]
2021-07-16 11:25:56,522 DEBUG ProfileValueUtils:83 - Retrieved ProfileValueSource type [class org.springframework.test.annotation.SystemProfileValueSource] for class [com.shine.HeroDaoTest]
2021-07-16 11:25:56,523 DEBUG ProfileValueUtils:70 - Retrieved @ProfileValueSourceConfiguration [null] for test class [com.shine.HeroDaoTest]
2021-07-16 11:25:56,524 DEBUG ProfileValueUtils:83 - Retrieved ProfileValueSource type [class org.springframework.test.annotation.SystemProfileValueSource] for class [com.shine.HeroDaoTest]
2021-07-16 11:25:56,525 DEBUG AbstractDirtiesContextTestExecutionListener:142 - Before test class: context [DefaultTestContext@57536d79 testClass = HeroDaoTest, testInstance = [null], testMethod = [null], testException = [null], mergedContextConfiguration = [MergedContextConfiguration@3b0143d3 testClass = HeroDaoTest, locations = '{classpath:applicationContext.xml}', classes = '{}', contextInitializerClasses = '[]', activeProfiles = '{}', propertySourceLocations = '{}', propertySourceProperties = '{}', contextCustomizers = set[[empty]], contextLoader = 'org.springframework.test.context.support.DelegatingSmartContextLoader', parent = [null]], attributes = map[[empty]]], class annotated with @DirtiesContext [false] with mode [null].
2021-07-16 11:25:56,526 DEBUG ProfileValueUtils:70 - Retrieved @ProfileValueSourceConfiguration [null] for test class [com.shine.HeroDaoTest]
2021-07-16 11:25:56,526 DEBUG ProfileValueUtils:83 - Retrieved ProfileValueSource type [class org.springframework.test.annotation.SystemProfileValueSource] for class [com.shine.HeroDaoTest]
2021-07-16 11:25:56,527 DEBUG DependencyInjectionTestExecutionListener:81 - Performing dependency injection for test context [[DefaultTestContext@57536d79 testClass = HeroDaoTest, testInstance = com.shine.HeroDaoTest@2b9627bc, testMethod = [null], testException = [null], mergedContextConfiguration = [MergedContextConfiguration@3b0143d3 testClass = HeroDaoTest, locations = '{classpath:applicationContext.xml}', classes = '{}', contextInitializerClasses = '[]', activeProfiles = '{}', propertySourceLocations = '{}', propertySourceProperties = '{}', contextCustomizers = set[[empty]], contextLoader = 'org.springframework.test.context.support.DelegatingSmartContextLoader', parent = [null]], attributes = map[[empty]]]].
2021-07-16 11:25:56,528 DEBUG AbstractDelegatingSmartContextLoader:273 - Delegating to GenericXmlContextLoader to load context from [MergedContextConfiguration@3b0143d3 testClass = HeroDaoTest, locations = '{classpath:applicationContext.xml}', classes = '{}', contextInitializerClasses = '[]', activeProfiles = '{}', propertySourceLocations = '{}', propertySourceProperties = '{}', contextCustomizers = set[[empty]], contextLoader = 'org.springframework.test.context.support.DelegatingSmartContextLoader', parent = [null]].
2021-07-16 11:25:56,528 DEBUG AbstractGenericContextLoader:109 - Loading ApplicationContext for merged context configuration [[MergedContextConfiguration@3b0143d3 testClass = HeroDaoTest, locations = '{classpath:applicationContext.xml}', classes = '{}', contextInitializerClasses = '[]', activeProfiles = '{}', propertySourceLocations = '{}', propertySourceProperties = '{}', contextCustomizers = set[[empty]], contextLoader = 'org.springframework.test.context.support.DelegatingSmartContextLoader', parent = [null]]].
2021-07-16 11:25:56,563 DEBUG StandardEnvironment:252 - Activating profiles []
2021-07-16 11:25:56,764 DEBUG ClassPathBeanDefinitionScanner:437 - Identified candidate component class: file [D:\work\code\Java2103\SSM\target\classes\com\shine\entity\Hero.class]
2021-07-16 11:25:56,803 DEBUG XmlBeanDefinitionReader:395 - Loaded 16 bean definitions from class path resource [applicationContext.xml]
2021-07-16 11:25:56,803 DEBUG GenericApplicationContext:594 - Refreshing org.springframework.context.support.GenericApplicationContext@614ddd49
2021-07-16 11:25:56,828 DEBUG DefaultListableBeanFactory:213 - Creating shared instance of singleton bean 'org.springframework.context.annotation.internalConfigurationAnnotationProcessor'
2021-07-16 11:25:56,886 DEBUG DefaultListableBeanFactory:213 - Creating shared instance of singleton bean 'org.mybatis.spring.mapper.MapperScannerConfigurer#0'
2021-07-16 11:25:56,918 DEBUG ClassPathMapperScanner:437 - Identified candidate component class: file [D:\work\code\Java2103\SSM\target\classes\com\shine\dao\HeroDao.class]
2021-07-16 11:25:56,918 DEBUG ClassPathMapperScanner:180 - Creating MapperFactoryBean with name 'heroDao' and 'com.shine.dao.HeroDao' mapperInterface
2021-07-16 11:25:56,920 DEBUG ClassPathMapperScanner:216 - Enabling autowire by type for MapperFactoryBean with name 'heroDao'.
2021-07-16 11:25:56,923 DEBUG DefaultListableBeanFactory:213 - Creating shared instance of singleton bean 'org.springframework.context.support.PropertySourcesPlaceholderConfigurer#0'
2021-07-16 11:25:56,934 DEBUG PropertySourcesPropertyResolver:115 - Found key 'jdbc.driver' in PropertySource 'localProperties' with value of type String
2021-07-16 11:25:56,935 DEBUG PropertySourcesPropertyResolver:115 - Found key 'jdbc.url' in PropertySource 'localProperties' with value of type String
2021-07-16 11:25:56,935 DEBUG PropertySourcesPropertyResolver:115 - Found key 'jdbc.username' in PropertySource 'localProperties' with value of type String
2021-07-16 11:25:56,935 DEBUG PropertySourcesPropertyResolver:115 - Found key 'jdbc.password' in PropertySource 'localProperties' with value of type String
2021-07-16 11:25:56,936 DEBUG DefaultListableBeanFactory:213 - Creating shared instance of singleton bean 'org.springframework.context.event.internalEventListenerProcessor'
2021-07-16 11:25:56,937 DEBUG DefaultListableBeanFactory:213 - Creating shared instance of singleton bean 'org.springframework.context.event.internalEventListenerFactory'
2021-07-16 11:25:56,939 DEBUG DefaultListableBeanFactory:213 - Creating shared instance of singleton bean 'org.springframework.transaction.config.internalTransactionalEventListenerFactory'
2021-07-16 11:25:56,941 DEBUG DefaultListableBeanFactory:213 - Creating shared instance of singleton bean 'org.springframework.context.annotation.internalAutowiredAnnotationProcessor'
2021-07-16 11:25:56,943 DEBUG DefaultListableBeanFactory:213 - Creating shared instance of singleton bean 'org.springframework.context.annotation.internalCommonAnnotationProcessor'
2021-07-16 11:25:56,947 DEBUG DefaultListableBeanFactory:213 - Creating shared instance of singleton bean 'org.springframework.aop.config.internalAutoProxyCreator'
2021-07-16 11:25:57,002 DEBUG DefaultListableBeanFactory:213 - Creating shared instance of singleton bean 'hero'
2021-07-16 11:25:57,004 DEBUG DefaultListableBeanFactory:213 - Creating shared instance of singleton bean 'org.springframework.transaction.config.internalTransactionAdvisor'
2021-07-16 11:25:57,007 DEBUG DefaultListableBeanFactory:213 - Creating shared instance of singleton bean 'org.springframework.transaction.annotation.AnnotationTransactionAttributeSource#0'
2021-07-16 11:25:57,026 DEBUG DefaultListableBeanFactory:213 - Creating shared instance of singleton bean 'dataSource'
2021-07-16 11:25:57,128 DEBUG DefaultListableBeanFactory:213 - Creating shared instance of singleton bean 'sqlSessionFactory'
2021-07-16 11:25:57,140 DEBUG LogFactory:105 - Logging initialized using 'class org.apache.ibatis.logging.slf4j.Slf4jImpl' adapter.
2021-07-16 11:25:57,215 DEBUG SqlSessionFactoryBean:410 - Property 'configuration' or 'configLocation' not specified, using default MyBatis Configuration
2021-07-16 11:25:57,268 DEBUG SqlSessionFactoryBean:455 - Registered plugin: 'com.github.pagehelper.PageInterceptor@41a0aa7d'
2021-07-16 11:25:57,269 DEBUG SqlSessionFactoryBean:534 - Property 'mapperLocations' was not specified or no matching resources found
2021-07-16 11:25:57,295 DEBUG DefaultListableBeanFactory:213 - Creating shared instance of singleton bean 'tx'
2021-07-16 11:25:57,312 DEBUG DefaultListableBeanFactory:213 - Creating shared instance of singleton bean 'org.springframework.transaction.interceptor.TransactionInterceptor#0'
2021-07-16 11:25:57,322 DEBUG DefaultListableBeanFactory:213 - Creating shared instance of singleton bean 'heroDao'
2021-07-16 11:25:57,506 DEBUG DefaultCacheAwareContextLoaderDelegate:119 - Storing ApplicationContext in cache under key [[MergedContextConfiguration@3b0143d3 testClass = HeroDaoTest, locations = '{classpath:applicationContext.xml}', classes = '{}', contextInitializerClasses = '[]', activeProfiles = '{}', propertySourceLocations = '{}', propertySourceProperties = '{}', contextCustomizers = set[[empty]], contextLoader = 'org.springframework.test.context.support.DelegatingSmartContextLoader', parent = [null]]]
2021-07-16 11:25:57,506 DEBUG cache:290 - Spring test ApplicationContext cache statistics: [DefaultContextCache@3e0e1046 size = 1, maxSize = 32, parentContextCount = 0, hitCount = 0, missCount = 1]
2021-07-16 11:25:57,516 DEBUG AbstractDirtiesContextTestExecutionListener:107 - Before test method: context [DefaultTestContext@57536d79 testClass = HeroDaoTest, testInstance = com.shine.HeroDaoTest@2b9627bc, testMethod = getHero01@HeroDaoTest, testException = [null], mergedContextConfiguration = [MergedContextConfiguration@3b0143d3 testClass = HeroDaoTest, locations = '{classpath:applicationContext.xml}', classes = '{}', contextInitializerClasses = '[]', activeProfiles = '{}', propertySourceLocations = '{}', propertySourceProperties = '{}', contextCustomizers = set[[empty]], contextLoader = 'org.springframework.test.context.support.DelegatingSmartContextLoader', parent = [null]], attributes = map[[empty]]], class annotated with @DirtiesContext [false] with mode [null], method annotated with @DirtiesContext [false] with mode [null].
2021-07-16 11:25:57,532 DEBUG SqlSessionUtils:97 - Creating a new SqlSession
2021-07-16 11:25:57,542 DEBUG SqlSessionUtils:148 - SqlSession [org.apache.ibatis.session.defaults.DefaultSqlSession@5852c06f] was not registered for synchronization because synchronization is not active
2021-07-16 11:25:57,551 DEBUG DataSourceUtils:114 - Fetching JDBC Connection from DataSource
2021-07-16 11:25:57,721  INFO DruidDataSource:930 - {dataSource-1} inited
2021-07-16 11:25:57,955 DEBUG SpringManagedTransaction:87 - JDBC Connection [com.mysql.jdbc.JDBC4Connection@658c5a19] will not be managed by Spring
2021-07-16 11:25:57,961 DEBUG selectHeroById:143 - ==>  Preparing: select id,name,force_value forceValue,addr,info from hero where id=? 
2021-07-16 11:25:57,987 DEBUG selectHeroById:143 - ==> Parameters: 2(Integer)
2021-07-16 11:25:58,003 DEBUG selectHeroById:143 - <==      Total: 1
2021-07-16 11:25:58,004 DEBUG SqlSessionUtils:191 - Closing non transactional SqlSession [org.apache.ibatis.session.defaults.DefaultSqlSession@5852c06f]
2021-07-16 11:25:58,006 DEBUG AbstractDirtiesContextTestExecutionListener:107 - After test method: context [DefaultTestContext@57536d79 testClass = HeroDaoTest, testInstance = com.shine.HeroDaoTest@2b9627bc, testMethod = getHero01@HeroDaoTest, testException = [null], mergedContextConfiguration = [MergedContextConfiguration@3b0143d3 testClass = HeroDaoTest, locations = '{classpath:applicationContext.xml}', classes = '{}', contextInitializerClasses = '[]', activeProfiles = '{}', propertySourceLocations = '{}', propertySourceProperties = '{}', contextCustomizers = set[[empty]], contextLoader = 'org.springframework.test.context.support.DelegatingSmartContextLoader', parent = [null]], attributes = map[[empty]]], class annotated with @DirtiesContext [false] with mode [null], method annotated with @DirtiesContext [false] with mode [null].
2021-07-16 11:25:58,007 DEBUG AbstractDirtiesContextTestExecutionListener:142 - After test class: context [DefaultTestContext@57536d79 testClass = HeroDaoTest, testInstance = [null], testMethod = [null], testException = [null], mergedContextConfiguration = [MergedContextConfiguration@3b0143d3 testClass = HeroDaoTest, locations = '{classpath:applicationContext.xml}', classes = '{}', contextInitializerClasses = '[]', activeProfiles = '{}', propertySourceLocations = '{}', propertySourceProperties = '{}', contextCustomizers = set[[empty]], contextLoader = 'org.springframework.test.context.support.DelegatingSmartContextLoader', parent = [null]], attributes = map[[empty]]], class annotated with @DirtiesContext [false] with mode [null].
2021-07-16 11:25:58,010 DEBUG GenericApplicationContext:1002 - Closing org.springframework.context.support.GenericApplicationContext@614ddd49, started on Fri Jul 16 11:25:56 CST 2021
2021-07-16 11:25:58,015  INFO DruidDataSource:1825 - {dataSource-1} closed
2021-07-16 11:33:54,982 DEBUG SpringJUnit4ClassRunner:139 - SpringJUnit4ClassRunner constructor called with [class com.shine.HeroDaoTest]
2021-07-16 11:33:54,990 DEBUG BootstrapUtils:96 - Instantiating CacheAwareContextLoaderDelegate from class [org.springframework.test.context.cache.DefaultCacheAwareContextLoaderDelegate]
2021-07-16 11:33:54,996 DEBUG BootstrapUtils:79 - Instantiating BootstrapContext using constructor [public org.springframework.test.context.support.DefaultBootstrapContext(java.lang.Class,org.springframework.test.context.CacheAwareContextLoaderDelegate)]
2021-07-16 11:33:55,005 DEBUG BootstrapUtils:132 - Instantiating TestContextBootstrapper for test class [com.shine.HeroDaoTest] from class [org.springframework.test.context.support.DefaultTestContextBootstrapper]
2021-07-16 11:33:55,029 DEBUG AbstractDelegatingSmartContextLoader:263 - Delegating to GenericXmlContextLoader to process context configuration [ContextConfigurationAttributes@735b5592 declaringClass = 'com.shine.HeroDaoTest', classes = '{}', locations = '{classpath:applicationContext.xml}', inheritLocations = true, initializers = '{}', inheritInitializers = true, name = [null], contextLoaderClass = 'org.springframework.test.context.ContextLoader'].
2021-07-16 11:33:55,056 DEBUG ActiveProfilesUtils:79 - Could not find an 'annotation declaring class' for annotation type [org.springframework.test.context.ActiveProfiles] and class [com.shine.HeroDaoTest]
2021-07-16 11:33:55,057 DEBUG DefaultTestContextBootstrapper:125 - @TestExecutionListeners is not present for class [com.shine.HeroDaoTest]: using defaults.
2021-07-16 11:33:55,057  INFO DefaultTestContextBootstrapper:248 - Loaded default TestExecutionListener class names from location [META-INF/spring.factories]: [org.springframework.test.context.web.ServletTestExecutionListener, org.springframework.test.context.support.DirtiesContextBeforeModesTestExecutionListener, org.springframework.test.context.support.DependencyInjectionTestExecutionListener, org.springframework.test.context.support.DirtiesContextTestExecutionListener, org.springframework.test.context.transaction.TransactionalTestExecutionListener, org.springframework.test.context.jdbc.SqlScriptsTestExecutionListener]
2021-07-16 11:33:55,073  INFO DefaultTestContextBootstrapper:177 - Using TestExecutionListeners: [org.springframework.test.context.web.ServletTestExecutionListener@20322d26, org.springframework.test.context.support.DirtiesContextBeforeModesTestExecutionListener@192b07fd, org.springframework.test.context.support.DependencyInjectionTestExecutionListener@64bfbc86, org.springframework.test.context.support.DirtiesContextTestExecutionListener@64bf3bbf, org.springframework.test.context.transaction.TransactionalTestExecutionListener@55d56113, org.springframework.test.context.jdbc.SqlScriptsTestExecutionListener@148080bb]
2021-07-16 11:33:55,075 DEBUG ProfileValueUtils:70 - Retrieved @ProfileValueSourceConfiguration [null] for test class [com.shine.HeroDaoTest]
2021-07-16 11:33:55,075 DEBUG ProfileValueUtils:83 - Retrieved ProfileValueSource type [class org.springframework.test.annotation.SystemProfileValueSource] for class [com.shine.HeroDaoTest]
2021-07-16 11:33:55,083 DEBUG ProfileValueUtils:70 - Retrieved @ProfileValueSourceConfiguration [null] for test class [com.shine.HeroDaoTest]
2021-07-16 11:33:55,083 DEBUG ProfileValueUtils:83 - Retrieved ProfileValueSource type [class org.springframework.test.annotation.SystemProfileValueSource] for class [com.shine.HeroDaoTest]
2021-07-16 11:33:55,084 DEBUG ProfileValueUtils:70 - Retrieved @ProfileValueSourceConfiguration [null] for test class [com.shine.HeroDaoTest]
2021-07-16 11:33:55,084 DEBUG ProfileValueUtils:83 - Retrieved ProfileValueSource type [class org.springframework.test.annotation.SystemProfileValueSource] for class [com.shine.HeroDaoTest]
2021-07-16 11:33:55,085 DEBUG ProfileValueUtils:70 - Retrieved @ProfileValueSourceConfiguration [null] for test class [com.shine.HeroDaoTest]
2021-07-16 11:33:55,086 DEBUG ProfileValueUtils:83 - Retrieved ProfileValueSource type [class org.springframework.test.annotation.SystemProfileValueSource] for class [com.shine.HeroDaoTest]
2021-07-16 11:33:55,087 DEBUG AbstractDirtiesContextTestExecutionListener:142 - Before test class: context [DefaultTestContext@3b0143d3 testClass = HeroDaoTest, testInstance = [null], testMethod = [null], testException = [null], mergedContextConfiguration = [MergedContextConfiguration@5a8e6209 testClass = HeroDaoTest, locations = '{classpath:applicationContext.xml}', classes = '{}', contextInitializerClasses = '[]', activeProfiles = '{}', propertySourceLocations = '{}', propertySourceProperties = '{}', contextCustomizers = set[[empty]], contextLoader = 'org.springframework.test.context.support.DelegatingSmartContextLoader', parent = [null]], attributes = map[[empty]]], class annotated with @DirtiesContext [false] with mode [null].
2021-07-16 11:33:55,088 DEBUG ProfileValueUtils:70 - Retrieved @ProfileValueSourceConfiguration [null] for test class [com.shine.HeroDaoTest]
2021-07-16 11:33:55,088 DEBUG ProfileValueUtils:83 - Retrieved ProfileValueSource type [class org.springframework.test.annotation.SystemProfileValueSource] for class [com.shine.HeroDaoTest]
2021-07-16 11:33:55,090 DEBUG DependencyInjectionTestExecutionListener:81 - Performing dependency injection for test context [[DefaultTestContext@3b0143d3 testClass = HeroDaoTest, testInstance = com.shine.HeroDaoTest@65e2dbf3, testMethod = [null], testException = [null], mergedContextConfiguration = [MergedContextConfiguration@5a8e6209 testClass = HeroDaoTest, locations = '{classpath:applicationContext.xml}', classes = '{}', contextInitializerClasses = '[]', activeProfiles = '{}', propertySourceLocations = '{}', propertySourceProperties = '{}', contextCustomizers = set[[empty]], contextLoader = 'org.springframework.test.context.support.DelegatingSmartContextLoader', parent = [null]], attributes = map[[empty]]]].
2021-07-16 11:33:55,091 DEBUG AbstractDelegatingSmartContextLoader:273 - Delegating to GenericXmlContextLoader to load context from [MergedContextConfiguration@5a8e6209 testClass = HeroDaoTest, locations = '{classpath:applicationContext.xml}', classes = '{}', contextInitializerClasses = '[]', activeProfiles = '{}', propertySourceLocations = '{}', propertySourceProperties = '{}', contextCustomizers = set[[empty]], contextLoader = 'org.springframework.test.context.support.DelegatingSmartContextLoader', parent = [null]].
2021-07-16 11:33:55,091 DEBUG AbstractGenericContextLoader:109 - Loading ApplicationContext for merged context configuration [[MergedContextConfiguration@5a8e6209 testClass = HeroDaoTest, locations = '{classpath:applicationContext.xml}', classes = '{}', contextInitializerClasses = '[]', activeProfiles = '{}', propertySourceLocations = '{}', propertySourceProperties = '{}', contextCustomizers = set[[empty]], contextLoader = 'org.springframework.test.context.support.DelegatingSmartContextLoader', parent = [null]]].
2021-07-16 11:33:55,128 DEBUG StandardEnvironment:252 - Activating profiles []
2021-07-16 11:33:55,400 DEBUG ClassPathBeanDefinitionScanner:437 - Identified candidate component class: file [D:\work\code\Java2103\SSM\target\classes\com\shine\entity\Hero.class]
2021-07-16 11:33:55,410 DEBUG ClassPathBeanDefinitionScanner:437 - Identified candidate component class: file [D:\work\code\Java2103\SSM\target\classes\com\shine\service\impl\HeroServiceImpl.class]
2021-07-16 11:33:55,461 DEBUG XmlBeanDefinitionReader:395 - Loaded 17 bean definitions from class path resource [applicationContext.xml]
2021-07-16 11:33:55,461 DEBUG GenericApplicationContext:594 - Refreshing org.springframework.context.support.GenericApplicationContext@1f554b06
2021-07-16 11:33:55,507 DEBUG DefaultListableBeanFactory:213 - Creating shared instance of singleton bean 'org.springframework.context.annotation.internalConfigurationAnnotationProcessor'
2021-07-16 11:33:55,608 DEBUG DefaultListableBeanFactory:213 - Creating shared instance of singleton bean 'org.mybatis.spring.mapper.MapperScannerConfigurer#0'
2021-07-16 11:33:55,680 DEBUG ClassPathMapperScanner:437 - Identified candidate component class: file [D:\work\code\Java2103\SSM\target\classes\com\shine\dao\HeroDao.class]
2021-07-16 11:33:55,681 DEBUG ClassPathMapperScanner:180 - Creating MapperFactoryBean with name 'heroDao' and 'com.shine.dao.HeroDao' mapperInterface
2021-07-16 11:33:55,684 DEBUG ClassPathMapperScanner:216 - Enabling autowire by type for MapperFactoryBean with name 'heroDao'.
2021-07-16 11:33:55,691 DEBUG DefaultListableBeanFactory:213 - Creating shared instance of singleton bean 'org.springframework.context.support.PropertySourcesPlaceholderConfigurer#0'
2021-07-16 11:33:55,710 DEBUG PropertySourcesPropertyResolver:115 - Found key 'jdbc.driver' in PropertySource 'localProperties' with value of type String
2021-07-16 11:33:55,711 DEBUG PropertySourcesPropertyResolver:115 - Found key 'jdbc.url' in PropertySource 'localProperties' with value of type String
2021-07-16 11:33:55,711 DEBUG PropertySourcesPropertyResolver:115 - Found key 'jdbc.username' in PropertySource 'localProperties' with value of type String
2021-07-16 11:33:55,712 DEBUG PropertySourcesPropertyResolver:115 - Found key 'jdbc.password' in PropertySource 'localProperties' with value of type String
2021-07-16 11:33:55,713 DEBUG DefaultListableBeanFactory:213 - Creating shared instance of singleton bean 'org.springframework.context.event.internalEventListenerProcessor'
2021-07-16 11:33:55,716 DEBUG DefaultListableBeanFactory:213 - Creating shared instance of singleton bean 'org.springframework.context.event.internalEventListenerFactory'
2021-07-16 11:33:55,716 DEBUG DefaultListableBeanFactory:213 - Creating shared instance of singleton bean 'org.springframework.transaction.config.internalTransactionalEventListenerFactory'
2021-07-16 11:33:55,719 DEBUG DefaultListableBeanFactory:213 - Creating shared instance of singleton bean 'org.springframework.context.annotation.internalAutowiredAnnotationProcessor'
2021-07-16 11:33:55,720 DEBUG DefaultListableBeanFactory:213 - Creating shared instance of singleton bean 'org.springframework.context.annotation.internalCommonAnnotationProcessor'
2021-07-16 11:33:55,726 DEBUG DefaultListableBeanFactory:213 - Creating shared instance of singleton bean 'org.springframework.aop.config.internalAutoProxyCreator'
2021-07-16 11:33:55,788 DEBUG DefaultListableBeanFactory:213 - Creating shared instance of singleton bean 'hero'
2021-07-16 11:33:55,790 DEBUG DefaultListableBeanFactory:213 - Creating shared instance of singleton bean 'org.springframework.transaction.config.internalTransactionAdvisor'
2021-07-16 11:33:55,793 DEBUG DefaultListableBeanFactory:213 - Creating shared instance of singleton bean 'org.springframework.transaction.annotation.AnnotationTransactionAttributeSource#0'
2021-07-16 11:33:55,815 DEBUG DefaultListableBeanFactory:213 - Creating shared instance of singleton bean 'heroServiceImpl'
2021-07-16 11:33:55,837 DEBUG LogFactory:105 - Logging initialized using 'class org.apache.ibatis.logging.slf4j.Slf4jImpl' adapter.
2021-07-16 11:33:55,853 DEBUG DefaultListableBeanFactory:213 - Creating shared instance of singleton bean 'heroDao'
2021-07-16 11:33:55,868 DEBUG DefaultListableBeanFactory:213 - Creating shared instance of singleton bean 'sqlSessionFactory'
2021-07-16 11:33:55,869 DEBUG DefaultListableBeanFactory:213 - Creating shared instance of singleton bean 'dataSource'
2021-07-16 11:33:56,112 DEBUG SqlSessionFactoryBean:410 - Property 'configuration' or 'configLocation' not specified, using default MyBatis Configuration
2021-07-16 11:33:56,206 DEBUG SqlSessionFactoryBean:455 - Registered plugin: 'com.github.pagehelper.PageInterceptor@4b741d6d'
2021-07-16 11:33:56,208 DEBUG SqlSessionFactoryBean:534 - Property 'mapperLocations' was not specified or no matching resources found
2021-07-16 11:33:56,366 DEBUG DefaultListableBeanFactory:213 - Creating shared instance of singleton bean 'tx'
2021-07-16 11:33:56,376 DEBUG DefaultListableBeanFactory:213 - Creating shared instance of singleton bean 'org.springframework.transaction.interceptor.TransactionInterceptor#0'
2021-07-16 11:33:56,408 DEBUG DefaultCacheAwareContextLoaderDelegate:119 - Storing ApplicationContext in cache under key [[MergedContextConfiguration@5a8e6209 testClass = HeroDaoTest, locations = '{classpath:applicationContext.xml}', classes = '{}', contextInitializerClasses = '[]', activeProfiles = '{}', propertySourceLocations = '{}', propertySourceProperties = '{}', contextCustomizers = set[[empty]], contextLoader = 'org.springframework.test.context.support.DelegatingSmartContextLoader', parent = [null]]]
2021-07-16 11:33:56,409 DEBUG cache:290 - Spring test ApplicationContext cache statistics: [DefaultContextCache@7dc3712 size = 1, maxSize = 32, parentContextCount = 0, hitCount = 0, missCount = 1]
2021-07-16 11:33:56,415 DEBUG AbstractDirtiesContextTestExecutionListener:107 - Before test method: context [DefaultTestContext@3b0143d3 testClass = HeroDaoTest, testInstance = com.shine.HeroDaoTest@65e2dbf3, testMethod = getHero02@HeroDaoTest, testException = [null], mergedContextConfiguration = [MergedContextConfiguration@5a8e6209 testClass = HeroDaoTest, locations = '{classpath:applicationContext.xml}', classes = '{}', contextInitializerClasses = '[]', activeProfiles = '{}', propertySourceLocations = '{}', propertySourceProperties = '{}', contextCustomizers = set[[empty]], contextLoader = 'org.springframework.test.context.support.DelegatingSmartContextLoader', parent = [null]], attributes = map[[empty]]], class annotated with @DirtiesContext [false] with mode [null], method annotated with @DirtiesContext [false] with mode [null].
2021-07-16 11:33:56,431 DEBUG SqlSessionUtils:97 - Creating a new SqlSession
2021-07-16 11:33:56,457 DEBUG SqlSessionUtils:148 - SqlSession [org.apache.ibatis.session.defaults.DefaultSqlSession@3e62d773] was not registered for synchronization because synchronization is not active
2021-07-16 11:33:56,470 DEBUG DataSourceUtils:114 - Fetching JDBC Connection from DataSource
2021-07-16 11:33:56,662  INFO DruidDataSource:930 - {dataSource-1} inited
2021-07-16 11:33:56,895 DEBUG SpringManagedTransaction:87 - JDBC Connection [com.mysql.jdbc.JDBC4Connection@45ac5f9b] will not be managed by Spring
2021-07-16 11:33:56,905 DEBUG selectHeroById:143 - ==>  Preparing: select id,name,force_value forceValue,addr,info from hero where id=? 
2021-07-16 11:33:56,931 DEBUG selectHeroById:143 - ==> Parameters: 2(Integer)
2021-07-16 11:33:56,953 DEBUG selectHeroById:143 - <==      Total: 1
2021-07-16 11:33:56,954 DEBUG SqlSessionUtils:191 - Closing non transactional SqlSession [org.apache.ibatis.session.defaults.DefaultSqlSession@3e62d773]
2021-07-16 11:33:56,956 DEBUG AbstractDirtiesContextTestExecutionListener:107 - After test method: context [DefaultTestContext@3b0143d3 testClass = HeroDaoTest, testInstance = com.shine.HeroDaoTest@65e2dbf3, testMethod = getHero02@HeroDaoTest, testException = [null], mergedContextConfiguration = [MergedContextConfiguration@5a8e6209 testClass = HeroDaoTest, locations = '{classpath:applicationContext.xml}', classes = '{}', contextInitializerClasses = '[]', activeProfiles = '{}', propertySourceLocations = '{}', propertySourceProperties = '{}', contextCustomizers = set[[empty]], contextLoader = 'org.springframework.test.context.support.DelegatingSmartContextLoader', parent = [null]], attributes = map[[empty]]], class annotated with @DirtiesContext [false] with mode [null], method annotated with @DirtiesContext [false] with mode [null].
2021-07-16 11:33:56,958 DEBUG AbstractDirtiesContextTestExecutionListener:142 - After test class: context [DefaultTestContext@3b0143d3 testClass = HeroDaoTest, testInstance = [null], testMethod = [null], testException = [null], mergedContextConfiguration = [MergedContextConfiguration@5a8e6209 testClass = HeroDaoTest, locations = '{classpath:applicationContext.xml}', classes = '{}', contextInitializerClasses = '[]', activeProfiles = '{}', propertySourceLocations = '{}', propertySourceProperties = '{}', contextCustomizers = set[[empty]], contextLoader = 'org.springframework.test.context.support.DelegatingSmartContextLoader', parent = [null]], attributes = map[[empty]]], class annotated with @DirtiesContext [false] with mode [null].
2021-07-16 11:33:56,960 DEBUG GenericApplicationContext:1002 - Closing org.springframework.context.support.GenericApplicationContext@1f554b06, started on Fri Jul 16 11:33:55 CST 2021
2021-07-16 11:33:56,964  INFO DruidDataSource:1825 - {dataSource-1} closed
