2021-07-01 11:41:20,516 DEBUG LogFactory:105 - Logging initialized using 'class org.apache.ibatis.logging.log4j.Log4jImpl' adapter.
2021-07-01 11:41:20,550 DEBUG PooledDataSource:353 - PooledDataSource forcefully closed/removed all connections.
2021-07-01 11:41:20,550 DEBUG PooledDataSource:353 - PooledDataSource forcefully closed/removed all connections.
2021-07-01 11:41:20,551 DEBUG PooledDataSource:353 - PooledDataSource forcefully closed/removed all connections.
2021-07-01 11:41:20,551 DEBUG PooledDataSource:353 - PooledDataSource forcefully closed/removed all connections.
2021-07-01 11:41:20,634 DEBUG JdbcTransaction:136 - Opening JDBC Connection
2021-07-01 11:41:20,948 DEBUG PooledDataSource:424 - Created connection 736778932.
2021-07-01 11:41:20,949 DEBUG JdbcTransaction:100 - Setting autocommit to false on JDBC Connection [com.mysql.jdbc.JDBC4Connection@2bea5ab4]
2021-07-01 11:41:20,955 DEBUG findById:143 - ==>  Preparing: select * from user where id = ? 
2021-07-01 11:41:20,989 DEBUG findById:143 - ==> Parameters: 2(Integer)
2021-07-01 11:41:21,006 DEBUG findById:143 - <==      Total: 1
2021-07-01 11:41:21,007 DEBUG JdbcTransaction:122 - Resetting autocommit to true on JDBC Connection [com.mysql.jdbc.JDBC4Connection@2bea5ab4]
2021-07-01 11:41:21,008 DEBUG JdbcTransaction:90 - Closing JDBC Connection [com.mysql.jdbc.JDBC4Connection@2bea5ab4]
2021-07-01 11:41:21,009 DEBUG PooledDataSource:381 - Returned connection 736778932 to pool.
2021-07-01 14:31:28,993 DEBUG LogFactory:105 - Logging initialized using 'class org.apache.ibatis.logging.log4j.Log4jImpl' adapter.
2021-07-01 14:31:29,036 DEBUG PooledDataSource:353 - PooledDataSource forcefully closed/removed all connections.
2021-07-01 14:31:29,036 DEBUG PooledDataSource:353 - PooledDataSource forcefully closed/removed all connections.
2021-07-01 14:31:29,037 DEBUG PooledDataSource:353 - PooledDataSource forcefully closed/removed all connections.
2021-07-01 14:31:29,037 DEBUG PooledDataSource:353 - PooledDataSource forcefully closed/removed all connections.
2021-07-01 14:31:29,159 DEBUG JdbcTransaction:136 - Opening JDBC Connection
2021-07-01 14:31:29,415 DEBUG PooledDataSource:424 - Created connection 708890004.
2021-07-01 14:31:29,415 DEBUG JdbcTransaction:100 - Setting autocommit to false on JDBC Connection [com.mysql.jdbc.JDBC4Connection@2a40cd94]
2021-07-01 14:31:29,419 DEBUG selectHero:143 - ==>  Preparing: select * from hero where id = ? 
2021-07-01 14:31:29,445 DEBUG selectHero:143 - ==> Parameters: 2(Integer)
2021-07-01 14:31:29,463 DEBUG selectHero:143 - <==      Total: 1
2021-07-01 14:31:29,464 DEBUG JdbcTransaction:122 - Resetting autocommit to true on JDBC Connection [com.mysql.jdbc.JDBC4Connection@2a40cd94]
2021-07-01 14:31:29,465 DEBUG JdbcTransaction:90 - Closing JDBC Connection [com.mysql.jdbc.JDBC4Connection@2a40cd94]
2021-07-01 14:31:29,465 DEBUG PooledDataSource:381 - Returned connection 708890004 to pool.
2021-07-01 14:36:31,680 DEBUG LogFactory:105 - Logging initialized using 'class org.apache.ibatis.logging.log4j.Log4jImpl' adapter.
2021-07-01 14:36:31,719 DEBUG PooledDataSource:353 - PooledDataSource forcefully closed/removed all connections.
2021-07-01 14:36:31,720 DEBUG PooledDataSource:353 - PooledDataSource forcefully closed/removed all connections.
2021-07-01 14:36:31,720 DEBUG PooledDataSource:353 - PooledDataSource forcefully closed/removed all connections.
2021-07-01 14:36:31,720 DEBUG PooledDataSource:353 - PooledDataSource forcefully closed/removed all connections.
2021-07-01 14:36:31,819 DEBUG JdbcTransaction:136 - Opening JDBC Connection
2021-07-01 14:36:32,152 DEBUG PooledDataSource:424 - Created connection 611563982.
2021-07-01 14:36:32,153 DEBUG JdbcTransaction:100 - Setting autocommit to false on JDBC Connection [com.mysql.jdbc.JDBC4Connection@2473b9ce]
2021-07-01 14:36:32,160 DEBUG selectAllHero:143 - ==>  Preparing: select * from hero 
2021-07-01 14:36:32,194 DEBUG selectAllHero:143 - ==> Parameters: 
2021-07-01 14:36:32,212 DEBUG selectAllHero:143 - <==      Total: 5
2021-07-01 14:36:32,213 DEBUG JdbcTransaction:122 - Resetting autocommit to true on JDBC Connection [com.mysql.jdbc.JDBC4Connection@2473b9ce]
2021-07-01 14:36:32,214 DEBUG JdbcTransaction:90 - Closing JDBC Connection [com.mysql.jdbc.JDBC4Connection@2473b9ce]
2021-07-01 14:36:32,214 DEBUG PooledDataSource:381 - Returned connection 611563982 to pool.
2021-07-01 14:39:52,828 DEBUG LogFactory:105 - Logging initialized using 'class org.apache.ibatis.logging.log4j.Log4jImpl' adapter.
2021-07-01 14:39:52,864 DEBUG PooledDataSource:353 - PooledDataSource forcefully closed/removed all connections.
2021-07-01 14:39:52,864 DEBUG PooledDataSource:353 - PooledDataSource forcefully closed/removed all connections.
2021-07-01 14:39:52,865 DEBUG PooledDataSource:353 - PooledDataSource forcefully closed/removed all connections.
2021-07-01 14:39:52,865 DEBUG PooledDataSource:353 - PooledDataSource forcefully closed/removed all connections.
2021-07-01 14:39:52,977 DEBUG JdbcTransaction:136 - Opening JDBC Connection
2021-07-01 14:39:53,229 DEBUG PooledDataSource:424 - Created connection 708890004.
2021-07-01 14:39:53,229 DEBUG JdbcTransaction:100 - Setting autocommit to false on JDBC Connection [com.mysql.jdbc.JDBC4Connection@2a40cd94]
2021-07-01 14:39:53,235 DEBUG selectHeroByName:143 - ==>  Preparing: select * from hero where username like ? 
2021-07-01 14:39:53,269 DEBUG selectHeroByName:143 - ==> Parameters: %wu%(String)
2021-07-01 14:39:53,293 DEBUG selectHeroByName:143 - <==      Total: 2
2021-07-01 14:39:53,294 DEBUG JdbcTransaction:122 - Resetting autocommit to true on JDBC Connection [com.mysql.jdbc.JDBC4Connection@2a40cd94]
2021-07-01 14:39:53,295 DEBUG JdbcTransaction:90 - Closing JDBC Connection [com.mysql.jdbc.JDBC4Connection@2a40cd94]
2021-07-01 14:39:53,295 DEBUG PooledDataSource:381 - Returned connection 708890004 to pool.
2021-07-01 14:41:26,673 DEBUG LogFactory:105 - Logging initialized using 'class org.apache.ibatis.logging.log4j.Log4jImpl' adapter.
2021-07-01 14:41:26,710 DEBUG PooledDataSource:353 - PooledDataSource forcefully closed/removed all connections.
2021-07-01 14:41:26,710 DEBUG PooledDataSource:353 - PooledDataSource forcefully closed/removed all connections.
2021-07-01 14:41:26,711 DEBUG PooledDataSource:353 - PooledDataSource forcefully closed/removed all connections.
2021-07-01 14:41:26,711 DEBUG PooledDataSource:353 - PooledDataSource forcefully closed/removed all connections.
2021-07-01 14:42:34,231 DEBUG LogFactory:105 - Logging initialized using 'class org.apache.ibatis.logging.log4j.Log4jImpl' adapter.
2021-07-01 14:42:34,264 DEBUG PooledDataSource:353 - PooledDataSource forcefully closed/removed all connections.
2021-07-01 14:42:34,264 DEBUG PooledDataSource:353 - PooledDataSource forcefully closed/removed all connections.
2021-07-01 14:42:34,265 DEBUG PooledDataSource:353 - PooledDataSource forcefully closed/removed all connections.
2021-07-01 14:42:34,265 DEBUG PooledDataSource:353 - PooledDataSource forcefully closed/removed all connections.
2021-07-01 14:42:34,362 DEBUG JdbcTransaction:136 - Opening JDBC Connection
2021-07-01 14:42:34,610 DEBUG PooledDataSource:424 - Created connection 1392906938.
2021-07-01 14:42:34,611 DEBUG JdbcTransaction:100 - Setting autocommit to false on JDBC Connection [com.mysql.jdbc.JDBC4Connection@530612ba]
2021-07-01 14:42:34,618 DEBUG selectHeroByName:143 - ==>  Preparing: -- select * from hero where username like ? select * from hero where username like concat('%',?,'%') 
2021-07-01 14:43:28,227 DEBUG LogFactory:105 - Logging initialized using 'class org.apache.ibatis.logging.log4j.Log4jImpl' adapter.
2021-07-01 14:43:28,261 DEBUG PooledDataSource:353 - PooledDataSource forcefully closed/removed all connections.
2021-07-01 14:43:28,261 DEBUG PooledDataSource:353 - PooledDataSource forcefully closed/removed all connections.
2021-07-01 14:43:28,261 DEBUG PooledDataSource:353 - PooledDataSource forcefully closed/removed all connections.
2021-07-01 14:43:28,261 DEBUG PooledDataSource:353 - PooledDataSource forcefully closed/removed all connections.
2021-07-01 14:43:28,356 DEBUG JdbcTransaction:136 - Opening JDBC Connection
2021-07-01 14:43:28,607 DEBUG PooledDataSource:424 - Created connection 708890004.
2021-07-01 14:43:28,607 DEBUG JdbcTransaction:100 - Setting autocommit to false on JDBC Connection [com.mysql.jdbc.JDBC4Connection@2a40cd94]
2021-07-01 14:43:28,612 DEBUG selectHeroByName:143 - ==>  Preparing: select * from hero where username like concat('%',?,'%') 
2021-07-01 14:43:28,641 DEBUG selectHeroByName:143 - ==> Parameters: wu(String)
2021-07-01 14:43:28,660 DEBUG selectHeroByName:143 - <==      Total: 2
2021-07-01 14:43:28,661 DEBUG JdbcTransaction:122 - Resetting autocommit to true on JDBC Connection [com.mysql.jdbc.JDBC4Connection@2a40cd94]
2021-07-01 14:43:28,661 DEBUG JdbcTransaction:90 - Closing JDBC Connection [com.mysql.jdbc.JDBC4Connection@2a40cd94]
2021-07-01 14:43:28,662 DEBUG PooledDataSource:381 - Returned connection 708890004 to pool.
2021-07-01 14:53:53,068 DEBUG LogFactory:105 - Logging initialized using 'class org.apache.ibatis.logging.log4j.Log4jImpl' adapter.
2021-07-01 14:53:53,098 DEBUG PooledDataSource:353 - PooledDataSource forcefully closed/removed all connections.
2021-07-01 14:53:53,098 DEBUG PooledDataSource:353 - PooledDataSource forcefully closed/removed all connections.
2021-07-01 14:53:53,099 DEBUG PooledDataSource:353 - PooledDataSource forcefully closed/removed all connections.
2021-07-01 14:53:53,099 DEBUG PooledDataSource:353 - PooledDataSource forcefully closed/removed all connections.
2021-07-01 14:53:53,206 DEBUG JdbcTransaction:136 - Opening JDBC Connection
2021-07-01 14:53:53,449 DEBUG PooledDataSource:424 - Created connection 255944888.
2021-07-01 14:53:53,449 DEBUG JdbcTransaction:100 - Setting autocommit to false on JDBC Connection [com.mysql.jdbc.JDBC4Connection@f4168b8]
2021-07-01 14:53:53,453 DEBUG insertHero:143 - ==>  Preparing: insert into hero(username,gender,age,addr,info) values(?,?,?,?,?) 
2021-07-01 14:53:53,482 DEBUG insertHero:143 - ==> Parameters: luzhishen(String), male(String), 33(Integer), 天龙寺(String), 倒拔垂杨柳的好汉(String)
2021-07-01 14:54:14,668 DEBUG LogFactory:105 - Logging initialized using 'class org.apache.ibatis.logging.log4j.Log4jImpl' adapter.
2021-07-01 14:54:14,699 DEBUG PooledDataSource:353 - PooledDataSource forcefully closed/removed all connections.
2021-07-01 14:54:14,700 DEBUG PooledDataSource:353 - PooledDataSource forcefully closed/removed all connections.
2021-07-01 14:54:14,700 DEBUG PooledDataSource:353 - PooledDataSource forcefully closed/removed all connections.
2021-07-01 14:54:14,700 DEBUG PooledDataSource:353 - PooledDataSource forcefully closed/removed all connections.
2021-07-01 14:54:14,790 DEBUG JdbcTransaction:136 - Opening JDBC Connection
2021-07-01 14:54:15,018 DEBUG PooledDataSource:424 - Created connection 255944888.
2021-07-01 14:54:15,018 DEBUG JdbcTransaction:100 - Setting autocommit to false on JDBC Connection [com.mysql.jdbc.JDBC4Connection@f4168b8]
2021-07-01 14:54:15,022 DEBUG insertHero:143 - ==>  Preparing: insert into hero(username,gender,age,addr,info) values(?,?,?,?,?) 
2021-07-01 14:54:15,066 DEBUG insertHero:143 - ==> Parameters: luzhishen(String), male(String), 33(Integer), 天龙寺(String), 倒拔垂杨柳的好汉(String)
2021-07-01 14:55:20,082 DEBUG LogFactory:105 - Logging initialized using 'class org.apache.ibatis.logging.log4j.Log4jImpl' adapter.
2021-07-01 14:55:20,123 DEBUG PooledDataSource:353 - PooledDataSource forcefully closed/removed all connections.
2021-07-01 14:55:20,123 DEBUG PooledDataSource:353 - PooledDataSource forcefully closed/removed all connections.
2021-07-01 14:55:20,124 DEBUG PooledDataSource:353 - PooledDataSource forcefully closed/removed all connections.
2021-07-01 14:55:20,124 DEBUG PooledDataSource:353 - PooledDataSource forcefully closed/removed all connections.
2021-07-01 14:55:20,261 DEBUG JdbcTransaction:136 - Opening JDBC Connection
2021-07-01 14:55:20,573 DEBUG PooledDataSource:424 - Created connection 708890004.
2021-07-01 14:55:20,574 DEBUG JdbcTransaction:100 - Setting autocommit to false on JDBC Connection [com.mysql.jdbc.JDBC4Connection@2a40cd94]
2021-07-01 14:55:20,579 DEBUG insertHero:143 - ==>  Preparing: insert into hero(username,gender,age,addr,info) values(?,?,?,?,?) 
2021-07-01 14:55:20,612 DEBUG insertHero:143 - ==> Parameters: luzhishen(String), male(String), 33(Integer), 天龙寺(String), 倒拔垂杨柳的好汉(String)
2021-07-01 14:55:40,520 DEBUG LogFactory:105 - Logging initialized using 'class org.apache.ibatis.logging.log4j.Log4jImpl' adapter.
2021-07-01 14:55:40,554 DEBUG PooledDataSource:353 - PooledDataSource forcefully closed/removed all connections.
2021-07-01 14:55:40,555 DEBUG PooledDataSource:353 - PooledDataSource forcefully closed/removed all connections.
2021-07-01 14:55:40,555 DEBUG PooledDataSource:353 - PooledDataSource forcefully closed/removed all connections.
2021-07-01 14:55:40,555 DEBUG PooledDataSource:353 - PooledDataSource forcefully closed/removed all connections.
2021-07-01 14:55:40,638 DEBUG JdbcTransaction:136 - Opening JDBC Connection
2021-07-01 14:55:40,881 DEBUG PooledDataSource:424 - Created connection 255944888.
2021-07-01 14:55:40,881 DEBUG JdbcTransaction:100 - Setting autocommit to false on JDBC Connection [com.mysql.jdbc.JDBC4Connection@f4168b8]
2021-07-01 14:55:40,885 DEBUG insertHero:143 - ==>  Preparing: insert into hero(username,gender,age,addr,info) values(?,?,?,?,?) 
2021-07-01 14:55:40,924 DEBUG insertHero:143 - ==> Parameters: luzhishen(String), male(String), 33(Integer), 天龙寺(String), 倒拔垂杨柳的好汉(String)
2021-07-01 14:56:44,445 DEBUG LogFactory:105 - Logging initialized using 'class org.apache.ibatis.logging.log4j.Log4jImpl' adapter.
2021-07-01 14:56:44,482 DEBUG PooledDataSource:353 - PooledDataSource forcefully closed/removed all connections.
2021-07-01 14:56:44,483 DEBUG PooledDataSource:353 - PooledDataSource forcefully closed/removed all connections.
2021-07-01 14:56:44,483 DEBUG PooledDataSource:353 - PooledDataSource forcefully closed/removed all connections.
2021-07-01 14:56:44,484 DEBUG PooledDataSource:353 - PooledDataSource forcefully closed/removed all connections.
2021-07-01 14:56:54,429 DEBUG LogFactory:105 - Logging initialized using 'class org.apache.ibatis.logging.log4j.Log4jImpl' adapter.
2021-07-01 14:56:54,467 DEBUG PooledDataSource:353 - PooledDataSource forcefully closed/removed all connections.
2021-07-01 14:56:54,467 DEBUG PooledDataSource:353 - PooledDataSource forcefully closed/removed all connections.
2021-07-01 14:56:54,467 DEBUG PooledDataSource:353 - PooledDataSource forcefully closed/removed all connections.
2021-07-01 14:56:54,468 DEBUG PooledDataSource:353 - PooledDataSource forcefully closed/removed all connections.
2021-07-01 14:56:54,556 DEBUG JdbcTransaction:136 - Opening JDBC Connection
2021-07-01 14:56:54,777 DEBUG PooledDataSource:424 - Created connection 1822383117.
2021-07-01 14:56:54,778 DEBUG JdbcTransaction:100 - Setting autocommit to false on JDBC Connection [com.mysql.jdbc.JDBC4Connection@6c9f5c0d]
2021-07-01 14:56:54,783 DEBUG insertHero:143 - ==>  Preparing: insert into hero(username,gender,age,addr,info) values(?,?,?,?,?) 
2021-07-01 14:56:54,813 DEBUG insertHero:143 - ==> Parameters: luzhishen(String), male(String), 33(Integer), 天龙寺(String), 倒拔垂杨柳的好汉(String)
2021-07-01 14:56:54,818 DEBUG insertHero:143 - <==    Updates: 1
2021-07-01 14:56:54,819 DEBUG JdbcTransaction:69 - Committing JDBC Connection [com.mysql.jdbc.JDBC4Connection@6c9f5c0d]
2021-07-01 14:56:54,822 DEBUG JdbcTransaction:122 - Resetting autocommit to true on JDBC Connection [com.mysql.jdbc.JDBC4Connection@6c9f5c0d]
2021-07-01 14:56:54,823 DEBUG JdbcTransaction:90 - Closing JDBC Connection [com.mysql.jdbc.JDBC4Connection@6c9f5c0d]
2021-07-01 14:56:54,823 DEBUG PooledDataSource:381 - Returned connection 1822383117 to pool.
2021-07-01 15:00:29,156 DEBUG LogFactory:105 - Logging initialized using 'class org.apache.ibatis.logging.log4j.Log4jImpl' adapter.
2021-07-01 15:00:29,184 DEBUG PooledDataSource:353 - PooledDataSource forcefully closed/removed all connections.
2021-07-01 15:00:29,185 DEBUG PooledDataSource:353 - PooledDataSource forcefully closed/removed all connections.
2021-07-01 15:00:29,185 DEBUG PooledDataSource:353 - PooledDataSource forcefully closed/removed all connections.
2021-07-01 15:00:29,185 DEBUG PooledDataSource:353 - PooledDataSource forcefully closed/removed all connections.
2021-07-01 15:00:29,271 DEBUG JdbcTransaction:136 - Opening JDBC Connection
2021-07-01 15:00:29,497 DEBUG PooledDataSource:424 - Created connection 1822383117.
2021-07-01 15:00:29,498 DEBUG JdbcTransaction:100 - Setting autocommit to false on JDBC Connection [com.mysql.jdbc.JDBC4Connection@6c9f5c0d]
2021-07-01 15:00:29,501 DEBUG deleteHero:143 - ==>  Preparing: delete from hero where id=? 
2021-07-01 15:00:29,534 DEBUG deleteHero:143 - ==> Parameters: 10(Integer)
2021-07-01 15:00:29,549 DEBUG deleteHero:143 - <==    Updates: 1
2021-07-01 15:00:29,550 DEBUG JdbcTransaction:69 - Committing JDBC Connection [com.mysql.jdbc.JDBC4Connection@6c9f5c0d]
2021-07-01 15:00:29,552 DEBUG JdbcTransaction:122 - Resetting autocommit to true on JDBC Connection [com.mysql.jdbc.JDBC4Connection@6c9f5c0d]
2021-07-01 15:00:29,552 DEBUG JdbcTransaction:90 - Closing JDBC Connection [com.mysql.jdbc.JDBC4Connection@6c9f5c0d]
2021-07-01 15:00:29,552 DEBUG PooledDataSource:381 - Returned connection 1822383117 to pool.
2021-07-01 15:22:55,553 DEBUG LogFactory:105 - Logging initialized using 'class org.apache.ibatis.logging.log4j.Log4jImpl' adapter.
2021-07-01 15:22:55,579 DEBUG PooledDataSource:353 - PooledDataSource forcefully closed/removed all connections.
2021-07-01 15:22:55,579 DEBUG PooledDataSource:353 - PooledDataSource forcefully closed/removed all connections.
2021-07-01 15:22:55,579 DEBUG PooledDataSource:353 - PooledDataSource forcefully closed/removed all connections.
2021-07-01 15:22:55,580 DEBUG PooledDataSource:353 - PooledDataSource forcefully closed/removed all connections.
2021-07-01 15:22:55,664 DEBUG JdbcTransaction:136 - Opening JDBC Connection
2021-07-01 15:22:55,885 DEBUG PooledDataSource:424 - Created connection 1822383117.
2021-07-01 15:22:55,885 DEBUG JdbcTransaction:100 - Setting autocommit to false on JDBC Connection [com.mysql.jdbc.JDBC4Connection@6c9f5c0d]
2021-07-01 15:22:55,889 DEBUG updateHero:143 - ==>  Preparing: update hero set username=?,gender=?,age=? where id=? 
2021-07-01 15:22:55,924 DEBUG updateHero:143 - ==> Parameters: 及时雨(String), male(String), 49(Integer), 1(Integer)
2021-07-01 15:22:55,930 DEBUG updateHero:143 - <==    Updates: 1
2021-07-01 15:22:55,931 DEBUG JdbcTransaction:69 - Committing JDBC Connection [com.mysql.jdbc.JDBC4Connection@6c9f5c0d]
2021-07-01 15:22:55,933 DEBUG JdbcTransaction:122 - Resetting autocommit to true on JDBC Connection [com.mysql.jdbc.JDBC4Connection@6c9f5c0d]
2021-07-01 15:22:55,933 DEBUG JdbcTransaction:90 - Closing JDBC Connection [com.mysql.jdbc.JDBC4Connection@6c9f5c0d]
2021-07-01 15:22:55,934 DEBUG PooledDataSource:381 - Returned connection 1822383117 to pool.
2021-07-01 15:26:32,879 DEBUG LogFactory:105 - Logging initialized using 'class org.apache.ibatis.logging.log4j.Log4jImpl' adapter.
2021-07-01 15:26:32,910 DEBUG PooledDataSource:353 - PooledDataSource forcefully closed/removed all connections.
2021-07-01 15:26:32,910 DEBUG PooledDataSource:353 - PooledDataSource forcefully closed/removed all connections.
2021-07-01 15:26:32,910 DEBUG PooledDataSource:353 - PooledDataSource forcefully closed/removed all connections.
2021-07-01 15:26:32,910 DEBUG PooledDataSource:353 - PooledDataSource forcefully closed/removed all connections.
2021-07-01 15:26:33,003 DEBUG JdbcTransaction:136 - Opening JDBC Connection
2021-07-01 15:26:33,227 DEBUG PooledDataSource:424 - Created connection 1822383117.
2021-07-01 15:26:33,228 DEBUG JdbcTransaction:100 - Setting autocommit to false on JDBC Connection [com.mysql.jdbc.JDBC4Connection@6c9f5c0d]
2021-07-01 15:26:33,232 DEBUG insertHero:143 - ==>  Preparing: insert into hero(username,gender,age,addr,info) values(?,?,?,?,?) 
2021-07-01 15:26:33,284 DEBUG insertHero:143 - ==> Parameters: luzhishen(String), male(String), 33(Integer), 天龙寺(String), 倒拔垂杨柳的好汉(String)
2021-07-01 15:26:33,290 DEBUG insertHero:143 - <==    Updates: 1
2021-07-01 15:26:33,291 DEBUG JdbcTransaction:69 - Committing JDBC Connection [com.mysql.jdbc.JDBC4Connection@6c9f5c0d]
2021-07-01 15:26:33,292 DEBUG JdbcTransaction:122 - Resetting autocommit to true on JDBC Connection [com.mysql.jdbc.JDBC4Connection@6c9f5c0d]
2021-07-01 15:26:33,293 DEBUG JdbcTransaction:90 - Closing JDBC Connection [com.mysql.jdbc.JDBC4Connection@6c9f5c0d]
2021-07-01 15:26:33,293 DEBUG PooledDataSource:381 - Returned connection 1822383117 to pool.
2021-07-01 15:37:45,341 DEBUG LogFactory:105 - Logging initialized using 'class org.apache.ibatis.logging.log4j.Log4jImpl' adapter.
2021-07-01 15:37:45,381 DEBUG PooledDataSource:353 - PooledDataSource forcefully closed/removed all connections.
2021-07-01 15:37:45,381 DEBUG PooledDataSource:353 - PooledDataSource forcefully closed/removed all connections.
2021-07-01 15:37:45,382 DEBUG PooledDataSource:353 - PooledDataSource forcefully closed/removed all connections.
2021-07-01 15:37:45,382 DEBUG PooledDataSource:353 - PooledDataSource forcefully closed/removed all connections.
2021-07-01 15:37:45,486 DEBUG JdbcTransaction:136 - Opening JDBC Connection
2021-07-01 15:37:45,714 DEBUG PooledDataSource:424 - Created connection 1991313236.
2021-07-01 15:37:45,714 DEBUG JdbcTransaction:100 - Setting autocommit to false on JDBC Connection [com.mysql.jdbc.JDBC4Connection@76b10754]
2021-07-01 15:37:45,718 DEBUG getHeroGenId01:143 - ==>  Preparing: insert into hero(username,gender,age,addr,info) values(?,?,?,?,?) 
2021-07-01 15:37:45,751 DEBUG getHeroGenId01:143 - ==> Parameters: 张顺(String), male(String), 23(Integer), 水泊梁山(String), 浪里白条张顺(String)
2021-07-01 15:37:45,753 DEBUG getHeroGenId01:143 - <==    Updates: 1
2021-07-01 15:37:45,756 DEBUG getHeroGenId01!selectKey:143 - ==>  Preparing: SELECT LAST_INSERT_ID() 
2021-07-01 15:37:45,756 DEBUG getHeroGenId01!selectKey:143 - ==> Parameters: 
2021-07-01 15:37:45,771 DEBUG getHeroGenId01!selectKey:143 - <==      Total: 1
2021-07-01 15:37:45,773 DEBUG JdbcTransaction:69 - Committing JDBC Connection [com.mysql.jdbc.JDBC4Connection@76b10754]
2021-07-01 15:37:45,775 DEBUG JdbcTransaction:122 - Resetting autocommit to true on JDBC Connection [com.mysql.jdbc.JDBC4Connection@76b10754]
2021-07-01 15:37:45,778 DEBUG JdbcTransaction:90 - Closing JDBC Connection [com.mysql.jdbc.JDBC4Connection@76b10754]
2021-07-01 15:37:45,779 DEBUG PooledDataSource:381 - Returned connection 1991313236 to pool.
2021-07-01 15:38:28,335 DEBUG LogFactory:105 - Logging initialized using 'class org.apache.ibatis.logging.log4j.Log4jImpl' adapter.
2021-07-01 15:38:28,365 DEBUG PooledDataSource:353 - PooledDataSource forcefully closed/removed all connections.
2021-07-01 15:38:28,365 DEBUG PooledDataSource:353 - PooledDataSource forcefully closed/removed all connections.
2021-07-01 15:38:28,366 DEBUG PooledDataSource:353 - PooledDataSource forcefully closed/removed all connections.
2021-07-01 15:38:28,366 DEBUG PooledDataSource:353 - PooledDataSource forcefully closed/removed all connections.
2021-07-01 15:38:28,465 DEBUG JdbcTransaction:136 - Opening JDBC Connection
2021-07-01 15:38:28,700 DEBUG PooledDataSource:424 - Created connection 1991313236.
2021-07-01 15:38:28,701 DEBUG JdbcTransaction:100 - Setting autocommit to false on JDBC Connection [com.mysql.jdbc.JDBC4Connection@76b10754]
2021-07-01 15:38:28,706 DEBUG getHeroGenId01:143 - ==>  Preparing: insert into hero(username,gender,age,addr,info) values(?,?,?,?,?) 
2021-07-01 15:38:28,742 DEBUG getHeroGenId01:143 - ==> Parameters: 张顺(String), male(String), 23(Integer), 水泊梁山(String), 浪里白条张顺(String)
2021-07-01 15:38:28,743 DEBUG getHeroGenId01:143 - <==    Updates: 1
2021-07-01 15:38:28,746 DEBUG getHeroGenId01!selectKey:143 - ==>  Preparing: SELECT LAST_INSERT_ID() 
2021-07-01 15:38:28,746 DEBUG getHeroGenId01!selectKey:143 - ==> Parameters: 
2021-07-01 15:38:28,769 DEBUG getHeroGenId01!selectKey:143 - <==      Total: 1
2021-07-01 15:38:28,770 DEBUG JdbcTransaction:69 - Committing JDBC Connection [com.mysql.jdbc.JDBC4Connection@76b10754]
2021-07-01 15:38:28,772 DEBUG JdbcTransaction:122 - Resetting autocommit to true on JDBC Connection [com.mysql.jdbc.JDBC4Connection@76b10754]
2021-07-01 15:38:28,775 DEBUG JdbcTransaction:90 - Closing JDBC Connection [com.mysql.jdbc.JDBC4Connection@76b10754]
2021-07-01 15:38:28,775 DEBUG PooledDataSource:381 - Returned connection 1991313236 to pool.
2021-07-01 15:43:46,295 DEBUG LogFactory:105 - Logging initialized using 'class org.apache.ibatis.logging.log4j.Log4jImpl' adapter.
2021-07-01 15:43:46,431 DEBUG PooledDataSource:353 - PooledDataSource forcefully closed/removed all connections.
2021-07-01 15:43:46,432 DEBUG PooledDataSource:353 - PooledDataSource forcefully closed/removed all connections.
2021-07-01 15:43:46,432 DEBUG PooledDataSource:353 - PooledDataSource forcefully closed/removed all connections.
2021-07-01 15:43:46,432 DEBUG PooledDataSource:353 - PooledDataSource forcefully closed/removed all connections.
2021-07-01 15:43:46,530 DEBUG JdbcTransaction:136 - Opening JDBC Connection
2021-07-01 15:43:46,752 DEBUG PooledDataSource:424 - Created connection 736778932.
2021-07-01 15:43:46,752 DEBUG JdbcTransaction:100 - Setting autocommit to false on JDBC Connection [com.mysql.jdbc.JDBC4Connection@2bea5ab4]
2021-07-01 15:43:46,755 DEBUG getHeroGenId02:143 - ==>  Preparing: insert into hero(username,gender,age,addr,info) values(?,?,?,?,?) 
2021-07-01 15:43:46,791 DEBUG getHeroGenId02:143 - ==> Parameters: 张顺(String), male(String), 23(Integer), 水泊梁山(String), 浪里白条张顺(String)
2021-07-01 15:43:46,796 DEBUG getHeroGenId02:143 - <==    Updates: 1
2021-07-01 15:43:46,798 DEBUG JdbcTransaction:69 - Committing JDBC Connection [com.mysql.jdbc.JDBC4Connection@2bea5ab4]
2021-07-01 15:43:46,800 DEBUG JdbcTransaction:122 - Resetting autocommit to true on JDBC Connection [com.mysql.jdbc.JDBC4Connection@2bea5ab4]
2021-07-01 15:43:46,801 DEBUG JdbcTransaction:90 - Closing JDBC Connection [com.mysql.jdbc.JDBC4Connection@2bea5ab4]
2021-07-01 15:43:46,801 DEBUG PooledDataSource:381 - Returned connection 736778932 to pool.
2021-07-01 15:56:35,561 DEBUG LogFactory:105 - Logging initialized using 'class org.apache.ibatis.logging.log4j.Log4jImpl' adapter.
2021-07-01 15:56:35,603 DEBUG PooledDataSource:353 - PooledDataSource forcefully closed/removed all connections.
2021-07-01 15:56:35,603 DEBUG PooledDataSource:353 - PooledDataSource forcefully closed/removed all connections.
2021-07-01 15:56:35,604 DEBUG PooledDataSource:353 - PooledDataSource forcefully closed/removed all connections.
2021-07-01 15:56:35,604 DEBUG PooledDataSource:353 - PooledDataSource forcefully closed/removed all connections.
2021-07-01 15:56:35,718 DEBUG JdbcTransaction:136 - Opening JDBC Connection
2021-07-01 15:56:35,943 DEBUG PooledDataSource:424 - Created connection 1089504328.
2021-07-01 15:56:35,943 DEBUG JdbcTransaction:100 - Setting autocommit to false on JDBC Connection [com.mysql.jdbc.JDBC4Connection@40f08448]
2021-07-01 15:56:35,947 DEBUG getHeroGenId03!selectKey:143 - ==>  Preparing: select REPLACE(UUID(),"-","") 
2021-07-01 15:56:35,976 DEBUG getHeroGenId03!selectKey:143 - ==> Parameters: 
2021-07-01 15:56:35,995 DEBUG getHeroGenId03!selectKey:143 - <==      Total: 1
2021-07-01 15:57:41,350 DEBUG LogFactory:105 - Logging initialized using 'class org.apache.ibatis.logging.log4j.Log4jImpl' adapter.
2021-07-01 15:57:41,381 DEBUG PooledDataSource:353 - PooledDataSource forcefully closed/removed all connections.
2021-07-01 15:57:41,381 DEBUG PooledDataSource:353 - PooledDataSource forcefully closed/removed all connections.
2021-07-01 15:57:41,381 DEBUG PooledDataSource:353 - PooledDataSource forcefully closed/removed all connections.
2021-07-01 15:57:41,381 DEBUG PooledDataSource:353 - PooledDataSource forcefully closed/removed all connections.
2021-07-01 15:57:41,504 DEBUG JdbcTransaction:136 - Opening JDBC Connection
2021-07-01 15:57:41,744 DEBUG PooledDataSource:424 - Created connection 1089504328.
2021-07-01 15:57:41,745 DEBUG JdbcTransaction:100 - Setting autocommit to false on JDBC Connection [com.mysql.jdbc.JDBC4Connection@40f08448]
2021-07-01 15:57:41,748 DEBUG getHeroGenId03!selectKey:143 - ==>  Preparing: select REPLACE(UUID(),"-","") 
2021-07-01 15:57:41,791 DEBUG getHeroGenId03!selectKey:143 - ==> Parameters: 
2021-07-01 15:57:41,807 DEBUG getHeroGenId03!selectKey:143 - <==      Total: 1
2021-07-01 15:57:41,808 DEBUG getHeroGenId03:143 - ==>  Preparing: insert into t_hero(id,username,gender,age,addr,info) values(?,?,?,?,?,?) 
2021-07-01 15:57:41,810 DEBUG getHeroGenId03:143 - ==> Parameters: 0bfacbbfda4211eb8121a4bb6d1726f4(String), 张顺(String), male(String), 23(Integer), 水泊梁山(String), 浪里白条张顺(String)
2021-07-01 15:57:41,815 DEBUG getHeroGenId03:143 - <==    Updates: 1
2021-07-01 15:57:41,815 DEBUG JdbcTransaction:69 - Committing JDBC Connection [com.mysql.jdbc.JDBC4Connection@40f08448]
2021-07-01 15:57:41,817 DEBUG JdbcTransaction:122 - Resetting autocommit to true on JDBC Connection [com.mysql.jdbc.JDBC4Connection@40f08448]
2021-07-01 15:57:41,819 DEBUG JdbcTransaction:90 - Closing JDBC Connection [com.mysql.jdbc.JDBC4Connection@40f08448]
2021-07-01 15:57:41,820 DEBUG PooledDataSource:381 - Returned connection 1089504328 to pool.
2021-07-01 16:08:19,569 DEBUG LogFactory:105 - Logging initialized using 'class org.apache.ibatis.logging.log4j.Log4jImpl' adapter.
2021-07-01 16:08:19,606 DEBUG PooledDataSource:353 - PooledDataSource forcefully closed/removed all connections.
2021-07-01 16:08:19,607 DEBUG PooledDataSource:353 - PooledDataSource forcefully closed/removed all connections.
2021-07-01 16:08:19,607 DEBUG PooledDataSource:353 - PooledDataSource forcefully closed/removed all connections.
2021-07-01 16:08:19,608 DEBUG PooledDataSource:353 - PooledDataSource forcefully closed/removed all connections.
2021-07-01 16:08:19,759 DEBUG JdbcTransaction:136 - Opening JDBC Connection
2021-07-01 16:08:20,048 DEBUG PooledDataSource:424 - Created connection 1948863195.
2021-07-01 16:08:20,048 DEBUG JdbcTransaction:100 - Setting autocommit to false on JDBC Connection [com.mysql.jdbc.JDBC4Connection@74294adb]
2021-07-01 16:08:20,052 DEBUG insertUser:143 - ==>  Preparing: insert into user(username,password) values (?,?) 
2021-07-01 16:08:20,083 DEBUG insertUser:143 - ==> Parameters: qianyi(String), yiqian(String)
2021-07-01 16:08:20,085 DEBUG insertUser:143 - <==    Updates: 1
2021-07-01 16:08:20,085 DEBUG JdbcTransaction:69 - Committing JDBC Connection [com.mysql.jdbc.JDBC4Connection@74294adb]
2021-07-01 16:08:20,087 DEBUG JdbcTransaction:122 - Resetting autocommit to true on JDBC Connection [com.mysql.jdbc.JDBC4Connection@74294adb]
2021-07-01 16:08:20,087 DEBUG JdbcTransaction:90 - Closing JDBC Connection [com.mysql.jdbc.JDBC4Connection@74294adb]
2021-07-01 16:08:20,087 DEBUG PooledDataSource:381 - Returned connection 1948863195 to pool.
2021-07-01 16:14:46,034 DEBUG LogFactory:105 - Logging initialized using 'class org.apache.ibatis.logging.log4j.Log4jImpl' adapter.
2021-07-01 16:14:46,066 DEBUG PooledDataSource:353 - PooledDataSource forcefully closed/removed all connections.
2021-07-01 16:14:46,066 DEBUG PooledDataSource:353 - PooledDataSource forcefully closed/removed all connections.
2021-07-01 16:14:46,066 DEBUG PooledDataSource:353 - PooledDataSource forcefully closed/removed all connections.
2021-07-01 16:14:46,067 DEBUG PooledDataSource:353 - PooledDataSource forcefully closed/removed all connections.
2021-07-01 16:14:46,177 DEBUG JdbcTransaction:136 - Opening JDBC Connection
2021-07-01 16:14:46,411 DEBUG PooledDataSource:424 - Created connection 660879561.
2021-07-01 16:14:46,412 DEBUG JdbcTransaction:100 - Setting autocommit to false on JDBC Connection [com.mysql.jdbc.JDBC4Connection@276438c9]
2021-07-01 16:14:46,416 DEBUG findUserByNameAndPwd:143 - ==>  Preparing: select * from user where username=? and password=? 
2021-07-01 16:14:46,443 DEBUG findUserByNameAndPwd:143 - ==> Parameters: lisi(String), sili(String)
2021-07-01 16:14:46,459 DEBUG findUserByNameAndPwd:143 - <==      Total: 1
2021-07-01 16:14:46,460 DEBUG JdbcTransaction:122 - Resetting autocommit to true on JDBC Connection [com.mysql.jdbc.JDBC4Connection@276438c9]
2021-07-01 16:14:46,461 DEBUG JdbcTransaction:90 - Closing JDBC Connection [com.mysql.jdbc.JDBC4Connection@276438c9]
2021-07-01 16:14:46,461 DEBUG PooledDataSource:381 - Returned connection 660879561 to pool.
2021-07-01 16:17:09,439 DEBUG LogFactory:105 - Logging initialized using 'class org.apache.ibatis.logging.log4j.Log4jImpl' adapter.
2021-07-01 16:17:09,470 DEBUG PooledDataSource:353 - PooledDataSource forcefully closed/removed all connections.
2021-07-01 16:17:09,470 DEBUG PooledDataSource:353 - PooledDataSource forcefully closed/removed all connections.
2021-07-01 16:17:09,471 DEBUG PooledDataSource:353 - PooledDataSource forcefully closed/removed all connections.
2021-07-01 16:17:09,471 DEBUG PooledDataSource:353 - PooledDataSource forcefully closed/removed all connections.
2021-07-01 16:17:09,590 DEBUG JdbcTransaction:136 - Opening JDBC Connection
2021-07-01 16:17:09,875 DEBUG PooledDataSource:424 - Created connection 660879561.
2021-07-01 16:17:09,876 DEBUG JdbcTransaction:100 - Setting autocommit to false on JDBC Connection [com.mysql.jdbc.JDBC4Connection@276438c9]
2021-07-01 16:17:09,883 DEBUG findUserByNameAndPwd2:143 - ==>  Preparing: select * from user where username=? and password=? 
2021-07-01 16:17:09,927 DEBUG findUserByNameAndPwd2:143 - ==> Parameters: wangwu(String), wuwang(String)
2021-07-01 16:17:09,942 DEBUG findUserByNameAndPwd2:143 - <==      Total: 1
2021-07-01 16:17:09,943 DEBUG JdbcTransaction:122 - Resetting autocommit to true on JDBC Connection [com.mysql.jdbc.JDBC4Connection@276438c9]
2021-07-01 16:17:09,944 DEBUG JdbcTransaction:90 - Closing JDBC Connection [com.mysql.jdbc.JDBC4Connection@276438c9]
2021-07-01 16:17:09,944 DEBUG PooledDataSource:381 - Returned connection 660879561 to pool.
2021-07-01 16:19:48,321 DEBUG LogFactory:105 - Logging initialized using 'class org.apache.ibatis.logging.log4j.Log4jImpl' adapter.
2021-07-01 16:19:48,354 DEBUG PooledDataSource:353 - PooledDataSource forcefully closed/removed all connections.
2021-07-01 16:19:48,354 DEBUG PooledDataSource:353 - PooledDataSource forcefully closed/removed all connections.
2021-07-01 16:19:48,355 DEBUG PooledDataSource:353 - PooledDataSource forcefully closed/removed all connections.
2021-07-01 16:19:48,355 DEBUG PooledDataSource:353 - PooledDataSource forcefully closed/removed all connections.
2021-07-01 16:19:48,476 DEBUG JdbcTransaction:136 - Opening JDBC Connection
2021-07-01 16:19:48,744 DEBUG PooledDataSource:424 - Created connection 660879561.
2021-07-01 16:19:48,745 DEBUG JdbcTransaction:100 - Setting autocommit to false on JDBC Connection [com.mysql.jdbc.JDBC4Connection@276438c9]
2021-07-01 16:19:48,748 DEBUG findUserByNameAndPwd2:143 - ==>  Preparing: select * from user where username=? and password=? 
2021-07-01 16:19:48,773 DEBUG findUserByNameAndPwd2:143 - ==> Parameters: zhaoliu(String), liuzhao(String)
2021-07-01 16:19:48,789 DEBUG findUserByNameAndPwd2:143 - <==      Total: 1
2021-07-01 16:19:48,789 DEBUG JdbcTransaction:122 - Resetting autocommit to true on JDBC Connection [com.mysql.jdbc.JDBC4Connection@276438c9]
2021-07-01 16:19:48,790 DEBUG JdbcTransaction:90 - Closing JDBC Connection [com.mysql.jdbc.JDBC4Connection@276438c9]
2021-07-01 16:19:48,790 DEBUG PooledDataSource:381 - Returned connection 660879561 to pool.
2021-07-01 16:24:10,497 DEBUG LogFactory:105 - Logging initialized using 'class org.apache.ibatis.logging.log4j.Log4jImpl' adapter.
2021-07-01 16:24:10,529 DEBUG PooledDataSource:353 - PooledDataSource forcefully closed/removed all connections.
2021-07-01 16:24:10,530 DEBUG PooledDataSource:353 - PooledDataSource forcefully closed/removed all connections.
2021-07-01 16:24:10,530 DEBUG PooledDataSource:353 - PooledDataSource forcefully closed/removed all connections.
2021-07-01 16:24:10,531 DEBUG PooledDataSource:353 - PooledDataSource forcefully closed/removed all connections.
2021-07-01 16:24:10,640 DEBUG JdbcTransaction:136 - Opening JDBC Connection
2021-07-01 16:24:10,866 DEBUG PooledDataSource:424 - Created connection 1004095028.
2021-07-01 16:24:10,866 DEBUG JdbcTransaction:100 - Setting autocommit to false on JDBC Connection [com.mysql.jdbc.JDBC4Connection@3bd94634]
2021-07-01 16:24:10,871 DEBUG findUserByNameAndPwd3:143 - ==>  Preparing: select * from user where username=? and password=? 
2021-07-01 16:24:10,907 DEBUG findUserByNameAndPwd3:143 - ==> Parameters: zhaoliu(String), liuzhao(String)
2021-07-01 16:24:10,932 DEBUG findUserByNameAndPwd3:143 - <==      Total: 1
2021-07-01 16:24:10,933 DEBUG JdbcTransaction:122 - Resetting autocommit to true on JDBC Connection [com.mysql.jdbc.JDBC4Connection@3bd94634]
2021-07-01 16:24:10,934 DEBUG JdbcTransaction:90 - Closing JDBC Connection [com.mysql.jdbc.JDBC4Connection@3bd94634]
2021-07-01 16:24:10,934 DEBUG PooledDataSource:381 - Returned connection 1004095028 to pool.
2021-07-01 16:24:20,280 DEBUG LogFactory:105 - Logging initialized using 'class org.apache.ibatis.logging.log4j.Log4jImpl' adapter.
2021-07-01 16:24:20,315 DEBUG PooledDataSource:353 - PooledDataSource forcefully closed/removed all connections.
2021-07-01 16:24:20,315 DEBUG PooledDataSource:353 - PooledDataSource forcefully closed/removed all connections.
2021-07-01 16:24:20,316 DEBUG PooledDataSource:353 - PooledDataSource forcefully closed/removed all connections.
2021-07-01 16:24:20,316 DEBUG PooledDataSource:353 - PooledDataSource forcefully closed/removed all connections.
2021-07-01 16:24:20,426 DEBUG JdbcTransaction:136 - Opening JDBC Connection
2021-07-01 16:24:20,645 DEBUG PooledDataSource:424 - Created connection 867398280.
2021-07-01 16:24:20,645 DEBUG JdbcTransaction:100 - Setting autocommit to false on JDBC Connection [com.mysql.jdbc.JDBC4Connection@33b37288]
2021-07-01 16:24:20,648 DEBUG findUserByNameAndPwd4:143 - ==>  Preparing: select * from user where username=? and password=? 
2021-07-01 16:24:20,677 DEBUG findUserByNameAndPwd4:143 - ==> Parameters: tianqi(String), qitian(String)
2021-07-01 16:24:20,693 DEBUG findUserByNameAndPwd4:143 - <==      Total: 1
2021-07-01 16:24:20,694 DEBUG JdbcTransaction:122 - Resetting autocommit to true on JDBC Connection [com.mysql.jdbc.JDBC4Connection@33b37288]
2021-07-01 16:24:20,694 DEBUG JdbcTransaction:90 - Closing JDBC Connection [com.mysql.jdbc.JDBC4Connection@33b37288]
2021-07-01 16:24:20,695 DEBUG PooledDataSource:381 - Returned connection 867398280 to pool.
